[2024-04-18 13:48:14] production.ERROR: No API key provided.  (HINT: set your API key using "Stripe::setApiKey(<API-KEY>)".  You can generate API keys from the Stripe web interface.  See https://stripe.com/api for details, or email support@stripe.com if you have any questions. {"userId":1,"exception":"[object] (Stripe\\Exception\\AuthenticationException(code: 0): No API key provided.  (HINT: set your API key using \"Stripe::setApiKey(<API-KEY>)\".  You can generate API keys from the Stripe web interface.  See https://stripe.com/api for details, or email support@stripe.com if you have any questions. at /home/sportsetloisi-pp/www/v2/sportsetloisirsv2/vendor/stripe/stripe-php/lib/ApiRequestor.php:373)
[stacktrace]
#0 /home/sportsetloisi-pp/www/v2/sportsetloisirsv2/vendor/stripe/stripe-php/lib/ApiRequestor.php(451): Stripe\\ApiRequestor->_prepareRequest('post', '/v1/checkout/se...', Array, Array)
#1 /home/sportsetloisi-pp/www/v2/sportsetloisirsv2/vendor/stripe/stripe-php/lib/ApiRequestor.php(127): Stripe\\ApiRequestor->_requestRaw('post', '/v1/checkout/se...', Array, Array, Array)
#2 /home/sportsetloisi-pp/www/v2/sportsetloisirsv2/vendor/stripe/stripe-php/lib/ApiOperations/Request.php(109): Stripe\\ApiRequestor->request('post', '/v1/checkout/se...', Array, Array, Array)
#3 /home/sportsetloisi-pp/www/v2/sportsetloisirsv2/vendor/stripe/stripe-php/lib/ApiOperations/Create.php(25): Stripe\\ApiResource::_staticRequest('post', '/v1/checkout/se...', Array, NULL)
#4 /home/sportsetloisi-pp/www/v2/sportsetloisirsv2/app/Http/Controllers/PanierPaymentController.php(180): Stripe\\Checkout\\Session::create(Array)
#5 /home/sportsetloisi-pp/www/v2/sportsetloisirsv2/vendor/laravel/framework/src/Illuminate/Routing/Controller.php(54): App\\Http\\Controllers\\PanierPaymentController->createCheckoutSession(Object(Illuminate\\Http\\Request))
#6 /home/sportsetloisi-pp/www/v2/sportsetloisirsv2/vendor/laravel/framework/src/Illuminate/Routing/ControllerDispatcher.php(43): Illuminate\\Routing\\Controller->callAction('createCheckoutS...', Array)
#7 /home/sportsetloisi-pp/www/v2/sportsetloisirsv2/vendor/laravel/framework/src/Illuminate/Routing/Route.php(260): Illuminate\\Routing\\ControllerDispatcher->dispatch(Object(Illuminate\\Routing\\Route), Object(App\\Http\\Controllers\\PanierPaymentController), 'createCheckoutS...')
#8 /home/sportsetloisi-pp/www/v2/sportsetloisirsv2/vendor/laravel/framework/src/Illuminate/Routing/Route.php(205): Illuminate\\Routing\\Route->runController()
#9 /home/sportsetloisi-pp/www/v2/sportsetloisirsv2/vendor/laravel/framework/src/Illuminate/Routing/Router.php(806): Illuminate\\Routing\\Route->run()
#10 /home/sportsetloisi-pp/www/v2/sportsetloisirsv2/vendor/laravel/framework/src/Illuminate/Pipeline/Pipeline.php(144): Illuminate\\Routing\\Router->Illuminate\\Routing\\{closure}(Object(Illuminate\\Http\\Request))
#11 /home/sportsetloisi-pp/www/v2/sportsetloisirsv2/vendor/laravel/framework/src/Illuminate/Auth/Middleware/EnsureEmailIsVerified.php(41): Illuminate\\Pipeline\\Pipeline->Illuminate\\Pipeline\\{closure}(Object(Illuminate\\Http\\Request))
#12 /home/sportsetloisi-pp/www/v2/sportsetloisirsv2/vendor/laravel/framework/src/Illuminate/Pipeline/Pipeline.php(183): Illuminate\\Auth\\Middleware\\EnsureEmailIsVerified->handle(Object(Illuminate\\Http\\Request), Object(Closure))
#13 /home/sportsetloisi-pp/www/v2/sportsetloisirsv2/vendor/laravel/framework/src/Illuminate/Http/Middleware/AddLinkHeadersForPreloadedAssets.php(19): Illuminate\\Pipeline\\Pipeline->Illuminate\\Pipeline\\{closure}(Object(Illuminate\\Http\\Request))
#14 /home/sportsetloisi-pp/www/v2/sportsetloisirsv2/vendor/laravel/framework/src/Illuminate/Pipeline/Pipeline.php(183): Illuminate\\Http\\Middleware\\AddLinkHeadersForPreloadedAssets->handle(Object(Illuminate\\Http\\Request), Object(Closure))
#15 /home/sportsetloisi-pp/www/v2/sportsetloisirsv2/vendor/inertiajs/inertia-laravel/src/Middleware.php(87): Illuminate\\Pipeline\\Pipeline->Illuminate\\Pipeline\\{closure}(Object(Illuminate\\Http\\Request))
#16 /home/sportsetloisi-pp/www/v2/sportsetloisirsv2/vendor/laravel/framework/src/Illuminate/Pipeline/Pipeline.php(183): Inertia\\Middleware->handle(Object(Illuminate\\Http\\Request), Object(Closure))
#17 /home/sportsetloisi-pp/www/v2/sportsetloisirsv2/vendor/laravel/framework/src/Illuminate/Routing/Middleware/SubstituteBindings.php(50): Illuminate\\Pipeline\\Pipeline->Illuminate\\Pipeline\\{closure}(Object(Illuminate\\Http\\Request))
#18 /home/sportsetloisi-pp/www/v2/sportsetloisirsv2/vendor/laravel/framework/src/Illuminate/Pipeline/Pipeline.php(183): Illuminate\\Routing\\Middleware\\SubstituteBindings->handle(Object(Illuminate\\Http\\Request), Object(Closure))
#19 /home/sportsetloisi-pp/www/v2/sportsetloisirsv2/vendor/laravel/framework/src/Illuminate/Auth/Middleware/Authenticate.php(57): Illuminate\\Pipeline\\Pipeline->Illuminate\\Pipeline\\{closure}(Object(Illuminate\\Http\\Request))
#20 /home/sportsetloisi-pp/www/v2/sportsetloisirsv2/vendor/laravel/framework/src/Illuminate/Pipeline/Pipeline.php(183): Illuminate\\Auth\\Middleware\\Authenticate->handle(Object(Illuminate\\Http\\Request), Object(Closure))
#21 /home/sportsetloisi-pp/www/v2/sportsetloisirsv2/vendor/laravel/framework/src/Illuminate/Foundation/Http/Middleware/VerifyCsrfToken.php(78): Illuminate\\Pipeline\\Pipeline->Illuminate\\Pipeline\\{closure}(Object(Illuminate\\Http\\Request))
#22 /home/sportsetloisi-pp/www/v2/sportsetloisirsv2/vendor/laravel/framework/src/Illuminate/Pipeline/Pipeline.php(183): Illuminate\\Foundation\\Http\\Middleware\\VerifyCsrfToken->handle(Object(Illuminate\\Http\\Request), Object(Closure))
#23 /home/sportsetloisi-pp/www/v2/sportsetloisirsv2/vendor/laravel/framework/src/Illuminate/View/Middleware/ShareErrorsFromSession.php(49): Illuminate\\Pipeline\\Pipeline->Illuminate\\Pipeline\\{closure}(Object(Illuminate\\Http\\Request))
#24 /home/sportsetloisi-pp/www/v2/sportsetloisirsv2/vendor/laravel/framework/src/Illuminate/Pipeline/Pipeline.php(183): Illuminate\\View\\Middleware\\ShareErrorsFromSession->handle(Object(Illuminate\\Http\\Request), Object(Closure))
#25 /home/sportsetloisi-pp/www/v2/sportsetloisirsv2/vendor/laravel/framework/src/Illuminate/Session/Middleware/StartSession.php(121): Illuminate\\Pipeline\\Pipeline->Illuminate\\Pipeline\\{closure}(Object(Illuminate\\Http\\Request))
#26 /home/sportsetloisi-pp/www/v2/sportsetloisirsv2/vendor/laravel/framework/src/Illuminate/Session/Middleware/StartSession.php(64): Illuminate\\Session\\Middleware\\StartSession->handleStatefulRequest(Object(Illuminate\\Http\\Request), Object(Illuminate\\Session\\Store), Object(Closure))
#27 /home/sportsetloisi-pp/www/v2/sportsetloisirsv2/vendor/laravel/framework/src/Illuminate/Pipeline/Pipeline.php(183): Illuminate\\Session\\Middleware\\StartSession->handle(Object(Illuminate\\Http\\Request), Object(Closure))
#28 /home/sportsetloisi-pp/www/v2/sportsetloisirsv2/vendor/laravel/framework/src/Illuminate/Cookie/Middleware/AddQueuedCookiesToResponse.php(37): Illuminate\\Pipeline\\Pipeline->Illuminate\\Pipeline\\{closure}(Object(Illuminate\\Http\\Request))
#29 /home/sportsetloisi-pp/www/v2/sportsetloisirsv2/vendor/laravel/framework/src/Illuminate/Pipeline/Pipeline.php(183): Illuminate\\Cookie\\Middleware\\AddQueuedCookiesToResponse->handle(Object(Illuminate\\Http\\Request), Object(Closure))
#30 /home/sportsetloisi-pp/www/v2/sportsetloisirsv2/vendor/laravel/framework/src/Illuminate/Cookie/Middleware/EncryptCookies.php(67): Illuminate\\Pipeline\\Pipeline->Illuminate\\Pipeline\\{closure}(Object(Illuminate\\Http\\Request))
#31 /home/sportsetloisi-pp/www/v2/sportsetloisirsv2/vendor/laravel/framework/src/Illuminate/Pipeline/Pipeline.php(183): Illuminate\\Cookie\\Middleware\\EncryptCookies->handle(Object(Illuminate\\Http\\Request), Object(Closure))
#32 /home/sportsetloisi-pp/www/v2/sportsetloisirsv2/vendor/laravel/framework/src/Illuminate/Pipeline/Pipeline.php(119): Illuminate\\Pipeline\\Pipeline->Illuminate\\Pipeline\\{closure}(Object(Illuminate\\Http\\Request))
#33 /home/sportsetloisi-pp/www/v2/sportsetloisirsv2/vendor/laravel/framework/src/Illuminate/Routing/Router.php(807): Illuminate\\Pipeline\\Pipeline->then(Object(Closure))
#34 /home/sportsetloisi-pp/www/v2/sportsetloisirsv2/vendor/laravel/framework/src/Illuminate/Routing/Router.php(784): Illuminate\\Routing\\Router->runRouteWithinStack(Object(Illuminate\\Routing\\Route), Object(Illuminate\\Http\\Request))
#35 /home/sportsetloisi-pp/www/v2/sportsetloisirsv2/vendor/laravel/framework/src/Illuminate/Routing/Router.php(748): Illuminate\\Routing\\Router->runRoute(Object(Illuminate\\Http\\Request), Object(Illuminate\\Routing\\Route))
#36 /home/sportsetloisi-pp/www/v2/sportsetloisirsv2/vendor/laravel/framework/src/Illuminate/Routing/Router.php(737): Illuminate\\Routing\\Router->dispatchToRoute(Object(Illuminate\\Http\\Request))
#37 /home/sportsetloisi-pp/www/v2/sportsetloisirsv2/vendor/laravel/framework/src/Illuminate/Foundation/Http/Kernel.php(200): Illuminate\\Routing\\Router->dispatch(Object(Illuminate\\Http\\Request))
#38 /home/sportsetloisi-pp/www/v2/sportsetloisirsv2/vendor/laravel/framework/src/Illuminate/Pipeline/Pipeline.php(144): Illuminate\\Foundation\\Http\\Kernel->Illuminate\\Foundation\\Http\\{closure}(Object(Illuminate\\Http\\Request))
#39 /home/sportsetloisi-pp/www/v2/sportsetloisirsv2/vendor/livewire/livewire/src/Features/SupportDisablingBackButtonCache/DisableBackButtonCacheMiddleware.php(19): Illuminate\\Pipeline\\Pipeline->Illuminate\\Pipeline\\{closure}(Object(Illuminate\\Http\\Request))
#40 /home/sportsetloisi-pp/www/v2/sportsetloisirsv2/vendor/laravel/framework/src/Illuminate/Pipeline/Pipeline.php(183): Livewire\\Features\\SupportDisablingBackButtonCache\\DisableBackButtonCacheMiddleware->handle(Object(Illuminate\\Http\\Request), Object(Closure))
#41 /home/sportsetloisi-pp/www/v2/sportsetloisirsv2/vendor/laravel/framework/src/Illuminate/Foundation/Http/Middleware/TransformsRequest.php(21): Illuminate\\Pipeline\\Pipeline->Illuminate\\Pipeline\\{closure}(Object(Illuminate\\Http\\Request))
#42 /home/sportsetloisi-pp/www/v2/sportsetloisirsv2/vendor/laravel/framework/src/Illuminate/Foundation/Http/Middleware/ConvertEmptyStringsToNull.php(31): Illuminate\\Foundation\\Http\\Middleware\\TransformsRequest->handle(Object(Illuminate\\Http\\Request), Object(Closure))
#43 /home/sportsetloisi-pp/www/v2/sportsetloisirsv2/vendor/laravel/framework/src/Illuminate/Pipeline/Pipeline.php(183): Illuminate\\Foundation\\Http\\Middleware\\ConvertEmptyStringsToNull->handle(Object(Illuminate\\Http\\Request), Object(Closure))
#44 /home/sportsetloisi-pp/www/v2/sportsetloisirsv2/vendor/laravel/framework/src/Illuminate/Foundation/Http/Middleware/TransformsRequest.php(21): Illuminate\\Pipeline\\Pipeline->Illuminate\\Pipeline\\{closure}(Object(Illuminate\\Http\\Request))
#45 /home/sportsetloisi-pp/www/v2/sportsetloisirsv2/vendor/laravel/framework/src/Illuminate/Foundation/Http/Middleware/TrimStrings.php(40): Illuminate\\Foundation\\Http\\Middleware\\TransformsRequest->handle(Object(Illuminate\\Http\\Request), Object(Closure))
#46 /home/sportsetloisi-pp/www/v2/sportsetloisirsv2/vendor/laravel/framework/src/Illuminate/Pipeline/Pipeline.php(183): Illuminate\\Foundation\\Http\\Middleware\\TrimStrings->handle(Object(Illuminate\\Http\\Request), Object(Closure))
#47 /home/sportsetloisi-pp/www/v2/sportsetloisirsv2/vendor/laravel/framework/src/Illuminate/Foundation/Http/Middleware/ValidatePostSize.php(27): Illuminate\\Pipeline\\Pipeline->Illuminate\\Pipeline\\{closure}(Object(Illuminate\\Http\\Request))
#48 /home/sportsetloisi-pp/www/v2/sportsetloisirsv2/vendor/laravel/framework/src/Illuminate/Pipeline/Pipeline.php(183): Illuminate\\Foundation\\Http\\Middleware\\ValidatePostSize->handle(Object(Illuminate\\Http\\Request), Object(Closure))
#49 /home/sportsetloisi-pp/www/v2/sportsetloisirsv2/vendor/laravel/framework/src/Illuminate/Foundation/Http/Middleware/PreventRequestsDuringMaintenance.php(99): Illuminate\\Pipeline\\Pipeline->Illuminate\\Pipeline\\{closure}(Object(Illuminate\\Http\\Request))
#50 /home/sportsetloisi-pp/www/v2/sportsetloisirsv2/vendor/laravel/framework/src/Illuminate/Pipeline/Pipeline.php(183): Illuminate\\Foundation\\Http\\Middleware\\PreventRequestsDuringMaintenance->handle(Object(Illuminate\\Http\\Request), Object(Closure))
#51 /home/sportsetloisi-pp/www/v2/sportsetloisirsv2/vendor/laravel/framework/src/Illuminate/Http/Middleware/HandleCors.php(49): Illuminate\\Pipeline\\Pipeline->Illuminate\\Pipeline\\{closure}(Object(Illuminate\\Http\\Request))
#52 /home/sportsetloisi-pp/www/v2/sportsetloisirsv2/vendor/laravel/framework/src/Illuminate/Pipeline/Pipeline.php(183): Illuminate\\Http\\Middleware\\HandleCors->handle(Object(Illuminate\\Http\\Request), Object(Closure))
#53 /home/sportsetloisi-pp/www/v2/sportsetloisirsv2/vendor/laravel/framework/src/Illuminate/Http/Middleware/TrustProxies.php(39): Illuminate\\Pipeline\\Pipeline->Illuminate\\Pipeline\\{closure}(Object(Illuminate\\Http\\Request))
#54 /home/sportsetloisi-pp/www/v2/sportsetloisirsv2/vendor/laravel/framework/src/Illuminate/Pipeline/Pipeline.php(183): Illuminate\\Http\\Middleware\\TrustProxies->handle(Object(Illuminate\\Http\\Request), Object(Closure))
#55 /home/sportsetloisi-pp/www/v2/sportsetloisirsv2/vendor/laravel/framework/src/Illuminate/Pipeline/Pipeline.php(119): Illuminate\\Pipeline\\Pipeline->Illuminate\\Pipeline\\{closure}(Object(Illuminate\\Http\\Request))
#56 /home/sportsetloisi-pp/www/v2/sportsetloisirsv2/vendor/laravel/framework/src/Illuminate/Foundation/Http/Kernel.php(175): Illuminate\\Pipeline\\Pipeline->then(Object(Closure))
#57 /home/sportsetloisi-pp/www/v2/sportsetloisirsv2/vendor/laravel/framework/src/Illuminate/Foundation/Http/Kernel.php(144): Illuminate\\Foundation\\Http\\Kernel->sendRequestThroughRouter(Object(Illuminate\\Http\\Request))
#58 /home/sportsetloisi-pp/www/v2/sportsetloisirsv2/public/index.php(52): Illuminate\\Foundation\\Http\\Kernel->handle(Object(Illuminate\\Http\\Request))
#59 {main}
"} 
[2024-04-18 13:48:21] production.ERROR: No API key provided.  (HINT: set your API key using "Stripe::setApiKey(<API-KEY>)".  You can generate API keys from the Stripe web interface.  See https://stripe.com/api for details, or email support@stripe.com if you have any questions. {"userId":1,"exception":"[object] (Stripe\\Exception\\AuthenticationException(code: 0): No API key provided.  (HINT: set your API key using \"Stripe::setApiKey(<API-KEY>)\".  You can generate API keys from the Stripe web interface.  See https://stripe.com/api for details, or email support@stripe.com if you have any questions. at /home/sportsetloisi-pp/www/v2/sportsetloisirsv2/vendor/stripe/stripe-php/lib/ApiRequestor.php:373)
[stacktrace]
#0 /home/sportsetloisi-pp/www/v2/sportsetloisirsv2/vendor/stripe/stripe-php/lib/ApiRequestor.php(451): Stripe\\ApiRequestor->_prepareRequest('post', '/v1/checkout/se...', Array, Array)
#1 /home/sportsetloisi-pp/www/v2/sportsetloisirsv2/vendor/stripe/stripe-php/lib/ApiRequestor.php(127): Stripe\\ApiRequestor->_requestRaw('post', '/v1/checkout/se...', Array, Array, Array)
#2 /home/sportsetloisi-pp/www/v2/sportsetloisirsv2/vendor/stripe/stripe-php/lib/ApiOperations/Request.php(109): Stripe\\ApiRequestor->request('post', '/v1/checkout/se...', Array, Array, Array)
#3 /home/sportsetloisi-pp/www/v2/sportsetloisirsv2/vendor/stripe/stripe-php/lib/ApiOperations/Create.php(25): Stripe\\ApiResource::_staticRequest('post', '/v1/checkout/se...', Array, NULL)
#4 /home/sportsetloisi-pp/www/v2/sportsetloisirsv2/app/Http/Controllers/PanierPaymentController.php(180): Stripe\\Checkout\\Session::create(Array)
#5 /home/sportsetloisi-pp/www/v2/sportsetloisirsv2/vendor/laravel/framework/src/Illuminate/Routing/Controller.php(54): App\\Http\\Controllers\\PanierPaymentController->createCheckoutSession(Object(Illuminate\\Http\\Request))
#6 /home/sportsetloisi-pp/www/v2/sportsetloisirsv2/vendor/laravel/framework/src/Illuminate/Routing/ControllerDispatcher.php(43): Illuminate\\Routing\\Controller->callAction('createCheckoutS...', Array)
#7 /home/sportsetloisi-pp/www/v2/sportsetloisirsv2/vendor/laravel/framework/src/Illuminate/Routing/Route.php(260): Illuminate\\Routing\\ControllerDispatcher->dispatch(Object(Illuminate\\Routing\\Route), Object(App\\Http\\Controllers\\PanierPaymentController), 'createCheckoutS...')
#8 /home/sportsetloisi-pp/www/v2/sportsetloisirsv2/vendor/laravel/framework/src/Illuminate/Routing/Route.php(205): Illuminate\\Routing\\Route->runController()
#9 /home/sportsetloisi-pp/www/v2/sportsetloisirsv2/vendor/laravel/framework/src/Illuminate/Routing/Router.php(806): Illuminate\\Routing\\Route->run()
#10 /home/sportsetloisi-pp/www/v2/sportsetloisirsv2/vendor/laravel/framework/src/Illuminate/Pipeline/Pipeline.php(144): Illuminate\\Routing\\Router->Illuminate\\Routing\\{closure}(Object(Illuminate\\Http\\Request))
#11 /home/sportsetloisi-pp/www/v2/sportsetloisirsv2/vendor/laravel/framework/src/Illuminate/Auth/Middleware/EnsureEmailIsVerified.php(41): Illuminate\\Pipeline\\Pipeline->Illuminate\\Pipeline\\{closure}(Object(Illuminate\\Http\\Request))
#12 /home/sportsetloisi-pp/www/v2/sportsetloisirsv2/vendor/laravel/framework/src/Illuminate/Pipeline/Pipeline.php(183): Illuminate\\Auth\\Middleware\\EnsureEmailIsVerified->handle(Object(Illuminate\\Http\\Request), Object(Closure))
#13 /home/sportsetloisi-pp/www/v2/sportsetloisirsv2/vendor/laravel/framework/src/Illuminate/Http/Middleware/AddLinkHeadersForPreloadedAssets.php(19): Illuminate\\Pipeline\\Pipeline->Illuminate\\Pipeline\\{closure}(Object(Illuminate\\Http\\Request))
#14 /home/sportsetloisi-pp/www/v2/sportsetloisirsv2/vendor/laravel/framework/src/Illuminate/Pipeline/Pipeline.php(183): Illuminate\\Http\\Middleware\\AddLinkHeadersForPreloadedAssets->handle(Object(Illuminate\\Http\\Request), Object(Closure))
#15 /home/sportsetloisi-pp/www/v2/sportsetloisirsv2/vendor/inertiajs/inertia-laravel/src/Middleware.php(87): Illuminate\\Pipeline\\Pipeline->Illuminate\\Pipeline\\{closure}(Object(Illuminate\\Http\\Request))
#16 /home/sportsetloisi-pp/www/v2/sportsetloisirsv2/vendor/laravel/framework/src/Illuminate/Pipeline/Pipeline.php(183): Inertia\\Middleware->handle(Object(Illuminate\\Http\\Request), Object(Closure))
#17 /home/sportsetloisi-pp/www/v2/sportsetloisirsv2/vendor/laravel/framework/src/Illuminate/Routing/Middleware/SubstituteBindings.php(50): Illuminate\\Pipeline\\Pipeline->Illuminate\\Pipeline\\{closure}(Object(Illuminate\\Http\\Request))
#18 /home/sportsetloisi-pp/www/v2/sportsetloisirsv2/vendor/laravel/framework/src/Illuminate/Pipeline/Pipeline.php(183): Illuminate\\Routing\\Middleware\\SubstituteBindings->handle(Object(Illuminate\\Http\\Request), Object(Closure))
#19 /home/sportsetloisi-pp/www/v2/sportsetloisirsv2/vendor/laravel/framework/src/Illuminate/Auth/Middleware/Authenticate.php(57): Illuminate\\Pipeline\\Pipeline->Illuminate\\Pipeline\\{closure}(Object(Illuminate\\Http\\Request))
#20 /home/sportsetloisi-pp/www/v2/sportsetloisirsv2/vendor/laravel/framework/src/Illuminate/Pipeline/Pipeline.php(183): Illuminate\\Auth\\Middleware\\Authenticate->handle(Object(Illuminate\\Http\\Request), Object(Closure))
#21 /home/sportsetloisi-pp/www/v2/sportsetloisirsv2/vendor/laravel/framework/src/Illuminate/Foundation/Http/Middleware/VerifyCsrfToken.php(78): Illuminate\\Pipeline\\Pipeline->Illuminate\\Pipeline\\{closure}(Object(Illuminate\\Http\\Request))
#22 /home/sportsetloisi-pp/www/v2/sportsetloisirsv2/vendor/laravel/framework/src/Illuminate/Pipeline/Pipeline.php(183): Illuminate\\Foundation\\Http\\Middleware\\VerifyCsrfToken->handle(Object(Illuminate\\Http\\Request), Object(Closure))
#23 /home/sportsetloisi-pp/www/v2/sportsetloisirsv2/vendor/laravel/framework/src/Illuminate/View/Middleware/ShareErrorsFromSession.php(49): Illuminate\\Pipeline\\Pipeline->Illuminate\\Pipeline\\{closure}(Object(Illuminate\\Http\\Request))
#24 /home/sportsetloisi-pp/www/v2/sportsetloisirsv2/vendor/laravel/framework/src/Illuminate/Pipeline/Pipeline.php(183): Illuminate\\View\\Middleware\\ShareErrorsFromSession->handle(Object(Illuminate\\Http\\Request), Object(Closure))
#25 /home/sportsetloisi-pp/www/v2/sportsetloisirsv2/vendor/laravel/framework/src/Illuminate/Session/Middleware/StartSession.php(121): Illuminate\\Pipeline\\Pipeline->Illuminate\\Pipeline\\{closure}(Object(Illuminate\\Http\\Request))
#26 /home/sportsetloisi-pp/www/v2/sportsetloisirsv2/vendor/laravel/framework/src/Illuminate/Session/Middleware/StartSession.php(64): Illuminate\\Session\\Middleware\\StartSession->handleStatefulRequest(Object(Illuminate\\Http\\Request), Object(Illuminate\\Session\\Store), Object(Closure))
#27 /home/sportsetloisi-pp/www/v2/sportsetloisirsv2/vendor/laravel/framework/src/Illuminate/Pipeline/Pipeline.php(183): Illuminate\\Session\\Middleware\\StartSession->handle(Object(Illuminate\\Http\\Request), Object(Closure))
#28 /home/sportsetloisi-pp/www/v2/sportsetloisirsv2/vendor/laravel/framework/src/Illuminate/Cookie/Middleware/AddQueuedCookiesToResponse.php(37): Illuminate\\Pipeline\\Pipeline->Illuminate\\Pipeline\\{closure}(Object(Illuminate\\Http\\Request))
#29 /home/sportsetloisi-pp/www/v2/sportsetloisirsv2/vendor/laravel/framework/src/Illuminate/Pipeline/Pipeline.php(183): Illuminate\\Cookie\\Middleware\\AddQueuedCookiesToResponse->handle(Object(Illuminate\\Http\\Request), Object(Closure))
#30 /home/sportsetloisi-pp/www/v2/sportsetloisirsv2/vendor/laravel/framework/src/Illuminate/Cookie/Middleware/EncryptCookies.php(67): Illuminate\\Pipeline\\Pipeline->Illuminate\\Pipeline\\{closure}(Object(Illuminate\\Http\\Request))
#31 /home/sportsetloisi-pp/www/v2/sportsetloisirsv2/vendor/laravel/framework/src/Illuminate/Pipeline/Pipeline.php(183): Illuminate\\Cookie\\Middleware\\EncryptCookies->handle(Object(Illuminate\\Http\\Request), Object(Closure))
#32 /home/sportsetloisi-pp/www/v2/sportsetloisirsv2/vendor/laravel/framework/src/Illuminate/Pipeline/Pipeline.php(119): Illuminate\\Pipeline\\Pipeline->Illuminate\\Pipeline\\{closure}(Object(Illuminate\\Http\\Request))
#33 /home/sportsetloisi-pp/www/v2/sportsetloisirsv2/vendor/laravel/framework/src/Illuminate/Routing/Router.php(807): Illuminate\\Pipeline\\Pipeline->then(Object(Closure))
#34 /home/sportsetloisi-pp/www/v2/sportsetloisirsv2/vendor/laravel/framework/src/Illuminate/Routing/Router.php(784): Illuminate\\Routing\\Router->runRouteWithinStack(Object(Illuminate\\Routing\\Route), Object(Illuminate\\Http\\Request))
#35 /home/sportsetloisi-pp/www/v2/sportsetloisirsv2/vendor/laravel/framework/src/Illuminate/Routing/Router.php(748): Illuminate\\Routing\\Router->runRoute(Object(Illuminate\\Http\\Request), Object(Illuminate\\Routing\\Route))
#36 /home/sportsetloisi-pp/www/v2/sportsetloisirsv2/vendor/laravel/framework/src/Illuminate/Routing/Router.php(737): Illuminate\\Routing\\Router->dispatchToRoute(Object(Illuminate\\Http\\Request))
#37 /home/sportsetloisi-pp/www/v2/sportsetloisirsv2/vendor/laravel/framework/src/Illuminate/Foundation/Http/Kernel.php(200): Illuminate\\Routing\\Router->dispatch(Object(Illuminate\\Http\\Request))
#38 /home/sportsetloisi-pp/www/v2/sportsetloisirsv2/vendor/laravel/framework/src/Illuminate/Pipeline/Pipeline.php(144): Illuminate\\Foundation\\Http\\Kernel->Illuminate\\Foundation\\Http\\{closure}(Object(Illuminate\\Http\\Request))
#39 /home/sportsetloisi-pp/www/v2/sportsetloisirsv2/vendor/livewire/livewire/src/Features/SupportDisablingBackButtonCache/DisableBackButtonCacheMiddleware.php(19): Illuminate\\Pipeline\\Pipeline->Illuminate\\Pipeline\\{closure}(Object(Illuminate\\Http\\Request))
#40 /home/sportsetloisi-pp/www/v2/sportsetloisirsv2/vendor/laravel/framework/src/Illuminate/Pipeline/Pipeline.php(183): Livewire\\Features\\SupportDisablingBackButtonCache\\DisableBackButtonCacheMiddleware->handle(Object(Illuminate\\Http\\Request), Object(Closure))
#41 /home/sportsetloisi-pp/www/v2/sportsetloisirsv2/vendor/laravel/framework/src/Illuminate/Foundation/Http/Middleware/TransformsRequest.php(21): Illuminate\\Pipeline\\Pipeline->Illuminate\\Pipeline\\{closure}(Object(Illuminate\\Http\\Request))
#42 /home/sportsetloisi-pp/www/v2/sportsetloisirsv2/vendor/laravel/framework/src/Illuminate/Foundation/Http/Middleware/ConvertEmptyStringsToNull.php(31): Illuminate\\Foundation\\Http\\Middleware\\TransformsRequest->handle(Object(Illuminate\\Http\\Request), Object(Closure))
#43 /home/sportsetloisi-pp/www/v2/sportsetloisirsv2/vendor/laravel/framework/src/Illuminate/Pipeline/Pipeline.php(183): Illuminate\\Foundation\\Http\\Middleware\\ConvertEmptyStringsToNull->handle(Object(Illuminate\\Http\\Request), Object(Closure))
#44 /home/sportsetloisi-pp/www/v2/sportsetloisirsv2/vendor/laravel/framework/src/Illuminate/Foundation/Http/Middleware/TransformsRequest.php(21): Illuminate\\Pipeline\\Pipeline->Illuminate\\Pipeline\\{closure}(Object(Illuminate\\Http\\Request))
#45 /home/sportsetloisi-pp/www/v2/sportsetloisirsv2/vendor/laravel/framework/src/Illuminate/Foundation/Http/Middleware/TrimStrings.php(40): Illuminate\\Foundation\\Http\\Middleware\\TransformsRequest->handle(Object(Illuminate\\Http\\Request), Object(Closure))
#46 /home/sportsetloisi-pp/www/v2/sportsetloisirsv2/vendor/laravel/framework/src/Illuminate/Pipeline/Pipeline.php(183): Illuminate\\Foundation\\Http\\Middleware\\TrimStrings->handle(Object(Illuminate\\Http\\Request), Object(Closure))
#47 /home/sportsetloisi-pp/www/v2/sportsetloisirsv2/vendor/laravel/framework/src/Illuminate/Foundation/Http/Middleware/ValidatePostSize.php(27): Illuminate\\Pipeline\\Pipeline->Illuminate\\Pipeline\\{closure}(Object(Illuminate\\Http\\Request))
#48 /home/sportsetloisi-pp/www/v2/sportsetloisirsv2/vendor/laravel/framework/src/Illuminate/Pipeline/Pipeline.php(183): Illuminate\\Foundation\\Http\\Middleware\\ValidatePostSize->handle(Object(Illuminate\\Http\\Request), Object(Closure))
#49 /home/sportsetloisi-pp/www/v2/sportsetloisirsv2/vendor/laravel/framework/src/Illuminate/Foundation/Http/Middleware/PreventRequestsDuringMaintenance.php(99): Illuminate\\Pipeline\\Pipeline->Illuminate\\Pipeline\\{closure}(Object(Illuminate\\Http\\Request))
#50 /home/sportsetloisi-pp/www/v2/sportsetloisirsv2/vendor/laravel/framework/src/Illuminate/Pipeline/Pipeline.php(183): Illuminate\\Foundation\\Http\\Middleware\\PreventRequestsDuringMaintenance->handle(Object(Illuminate\\Http\\Request), Object(Closure))
#51 /home/sportsetloisi-pp/www/v2/sportsetloisirsv2/vendor/laravel/framework/src/Illuminate/Http/Middleware/HandleCors.php(49): Illuminate\\Pipeline\\Pipeline->Illuminate\\Pipeline\\{closure}(Object(Illuminate\\Http\\Request))
#52 /home/sportsetloisi-pp/www/v2/sportsetloisirsv2/vendor/laravel/framework/src/Illuminate/Pipeline/Pipeline.php(183): Illuminate\\Http\\Middleware\\HandleCors->handle(Object(Illuminate\\Http\\Request), Object(Closure))
#53 /home/sportsetloisi-pp/www/v2/sportsetloisirsv2/vendor/laravel/framework/src/Illuminate/Http/Middleware/TrustProxies.php(39): Illuminate\\Pipeline\\Pipeline->Illuminate\\Pipeline\\{closure}(Object(Illuminate\\Http\\Request))
#54 /home/sportsetloisi-pp/www/v2/sportsetloisirsv2/vendor/laravel/framework/src/Illuminate/Pipeline/Pipeline.php(183): Illuminate\\Http\\Middleware\\TrustProxies->handle(Object(Illuminate\\Http\\Request), Object(Closure))
#55 /home/sportsetloisi-pp/www/v2/sportsetloisirsv2/vendor/laravel/framework/src/Illuminate/Pipeline/Pipeline.php(119): Illuminate\\Pipeline\\Pipeline->Illuminate\\Pipeline\\{closure}(Object(Illuminate\\Http\\Request))
#56 /home/sportsetloisi-pp/www/v2/sportsetloisirsv2/vendor/laravel/framework/src/Illuminate/Foundation/Http/Kernel.php(175): Illuminate\\Pipeline\\Pipeline->then(Object(Closure))
#57 /home/sportsetloisi-pp/www/v2/sportsetloisirsv2/vendor/laravel/framework/src/Illuminate/Foundation/Http/Kernel.php(144): Illuminate\\Foundation\\Http\\Kernel->sendRequestThroughRouter(Object(Illuminate\\Http\\Request))
#58 /home/sportsetloisi-pp/www/v2/sportsetloisirsv2/public/index.php(52): Illuminate\\Foundation\\Http\\Kernel->handle(Object(Illuminate\\Http\\Request))
#59 {main}
"} 
[2024-04-18 13:48:24] production.ERROR: No API key provided.  (HINT: set your API key using "Stripe::setApiKey(<API-KEY>)".  You can generate API keys from the Stripe web interface.  See https://stripe.com/api for details, or email support@stripe.com if you have any questions. {"userId":1,"exception":"[object] (Stripe\\Exception\\AuthenticationException(code: 0): No API key provided.  (HINT: set your API key using \"Stripe::setApiKey(<API-KEY>)\".  You can generate API keys from the Stripe web interface.  See https://stripe.com/api for details, or email support@stripe.com if you have any questions. at /home/sportsetloisi-pp/www/v2/sportsetloisirsv2/vendor/stripe/stripe-php/lib/ApiRequestor.php:373)
[stacktrace]
#0 /home/sportsetloisi-pp/www/v2/sportsetloisirsv2/vendor/stripe/stripe-php/lib/ApiRequestor.php(451): Stripe\\ApiRequestor->_prepareRequest('post', '/v1/checkout/se...', Array, Array)
#1 /home/sportsetloisi-pp/www/v2/sportsetloisirsv2/vendor/stripe/stripe-php/lib/ApiRequestor.php(127): Stripe\\ApiRequestor->_requestRaw('post', '/v1/checkout/se...', Array, Array, Array)
#2 /home/sportsetloisi-pp/www/v2/sportsetloisirsv2/vendor/stripe/stripe-php/lib/ApiOperations/Request.php(109): Stripe\\ApiRequestor->request('post', '/v1/checkout/se...', Array, Array, Array)
#3 /home/sportsetloisi-pp/www/v2/sportsetloisirsv2/vendor/stripe/stripe-php/lib/ApiOperations/Create.php(25): Stripe\\ApiResource::_staticRequest('post', '/v1/checkout/se...', Array, NULL)
#4 /home/sportsetloisi-pp/www/v2/sportsetloisirsv2/app/Http/Controllers/PanierPaymentController.php(180): Stripe\\Checkout\\Session::create(Array)
#5 /home/sportsetloisi-pp/www/v2/sportsetloisirsv2/vendor/laravel/framework/src/Illuminate/Routing/Controller.php(54): App\\Http\\Controllers\\PanierPaymentController->createCheckoutSession(Object(Illuminate\\Http\\Request))
#6 /home/sportsetloisi-pp/www/v2/sportsetloisirsv2/vendor/laravel/framework/src/Illuminate/Routing/ControllerDispatcher.php(43): Illuminate\\Routing\\Controller->callAction('createCheckoutS...', Array)
#7 /home/sportsetloisi-pp/www/v2/sportsetloisirsv2/vendor/laravel/framework/src/Illuminate/Routing/Route.php(260): Illuminate\\Routing\\ControllerDispatcher->dispatch(Object(Illuminate\\Routing\\Route), Object(App\\Http\\Controllers\\PanierPaymentController), 'createCheckoutS...')
#8 /home/sportsetloisi-pp/www/v2/sportsetloisirsv2/vendor/laravel/framework/src/Illuminate/Routing/Route.php(205): Illuminate\\Routing\\Route->runController()
#9 /home/sportsetloisi-pp/www/v2/sportsetloisirsv2/vendor/laravel/framework/src/Illuminate/Routing/Router.php(806): Illuminate\\Routing\\Route->run()
#10 /home/sportsetloisi-pp/www/v2/sportsetloisirsv2/vendor/laravel/framework/src/Illuminate/Pipeline/Pipeline.php(144): Illuminate\\Routing\\Router->Illuminate\\Routing\\{closure}(Object(Illuminate\\Http\\Request))
#11 /home/sportsetloisi-pp/www/v2/sportsetloisirsv2/vendor/laravel/framework/src/Illuminate/Auth/Middleware/EnsureEmailIsVerified.php(41): Illuminate\\Pipeline\\Pipeline->Illuminate\\Pipeline\\{closure}(Object(Illuminate\\Http\\Request))
#12 /home/sportsetloisi-pp/www/v2/sportsetloisirsv2/vendor/laravel/framework/src/Illuminate/Pipeline/Pipeline.php(183): Illuminate\\Auth\\Middleware\\EnsureEmailIsVerified->handle(Object(Illuminate\\Http\\Request), Object(Closure))
#13 /home/sportsetloisi-pp/www/v2/sportsetloisirsv2/vendor/laravel/framework/src/Illuminate/Http/Middleware/AddLinkHeadersForPreloadedAssets.php(19): Illuminate\\Pipeline\\Pipeline->Illuminate\\Pipeline\\{closure}(Object(Illuminate\\Http\\Request))
#14 /home/sportsetloisi-pp/www/v2/sportsetloisirsv2/vendor/laravel/framework/src/Illuminate/Pipeline/Pipeline.php(183): Illuminate\\Http\\Middleware\\AddLinkHeadersForPreloadedAssets->handle(Object(Illuminate\\Http\\Request), Object(Closure))
#15 /home/sportsetloisi-pp/www/v2/sportsetloisirsv2/vendor/inertiajs/inertia-laravel/src/Middleware.php(87): Illuminate\\Pipeline\\Pipeline->Illuminate\\Pipeline\\{closure}(Object(Illuminate\\Http\\Request))
#16 /home/sportsetloisi-pp/www/v2/sportsetloisirsv2/vendor/laravel/framework/src/Illuminate/Pipeline/Pipeline.php(183): Inertia\\Middleware->handle(Object(Illuminate\\Http\\Request), Object(Closure))
#17 /home/sportsetloisi-pp/www/v2/sportsetloisirsv2/vendor/laravel/framework/src/Illuminate/Routing/Middleware/SubstituteBindings.php(50): Illuminate\\Pipeline\\Pipeline->Illuminate\\Pipeline\\{closure}(Object(Illuminate\\Http\\Request))
#18 /home/sportsetloisi-pp/www/v2/sportsetloisirsv2/vendor/laravel/framework/src/Illuminate/Pipeline/Pipeline.php(183): Illuminate\\Routing\\Middleware\\SubstituteBindings->handle(Object(Illuminate\\Http\\Request), Object(Closure))
#19 /home/sportsetloisi-pp/www/v2/sportsetloisirsv2/vendor/laravel/framework/src/Illuminate/Auth/Middleware/Authenticate.php(57): Illuminate\\Pipeline\\Pipeline->Illuminate\\Pipeline\\{closure}(Object(Illuminate\\Http\\Request))
#20 /home/sportsetloisi-pp/www/v2/sportsetloisirsv2/vendor/laravel/framework/src/Illuminate/Pipeline/Pipeline.php(183): Illuminate\\Auth\\Middleware\\Authenticate->handle(Object(Illuminate\\Http\\Request), Object(Closure))
#21 /home/sportsetloisi-pp/www/v2/sportsetloisirsv2/vendor/laravel/framework/src/Illuminate/Foundation/Http/Middleware/VerifyCsrfToken.php(78): Illuminate\\Pipeline\\Pipeline->Illuminate\\Pipeline\\{closure}(Object(Illuminate\\Http\\Request))
#22 /home/sportsetloisi-pp/www/v2/sportsetloisirsv2/vendor/laravel/framework/src/Illuminate/Pipeline/Pipeline.php(183): Illuminate\\Foundation\\Http\\Middleware\\VerifyCsrfToken->handle(Object(Illuminate\\Http\\Request), Object(Closure))
#23 /home/sportsetloisi-pp/www/v2/sportsetloisirsv2/vendor/laravel/framework/src/Illuminate/View/Middleware/ShareErrorsFromSession.php(49): Illuminate\\Pipeline\\Pipeline->Illuminate\\Pipeline\\{closure}(Object(Illuminate\\Http\\Request))
#24 /home/sportsetloisi-pp/www/v2/sportsetloisirsv2/vendor/laravel/framework/src/Illuminate/Pipeline/Pipeline.php(183): Illuminate\\View\\Middleware\\ShareErrorsFromSession->handle(Object(Illuminate\\Http\\Request), Object(Closure))
#25 /home/sportsetloisi-pp/www/v2/sportsetloisirsv2/vendor/laravel/framework/src/Illuminate/Session/Middleware/StartSession.php(121): Illuminate\\Pipeline\\Pipeline->Illuminate\\Pipeline\\{closure}(Object(Illuminate\\Http\\Request))
#26 /home/sportsetloisi-pp/www/v2/sportsetloisirsv2/vendor/laravel/framework/src/Illuminate/Session/Middleware/StartSession.php(64): Illuminate\\Session\\Middleware\\StartSession->handleStatefulRequest(Object(Illuminate\\Http\\Request), Object(Illuminate\\Session\\Store), Object(Closure))
#27 /home/sportsetloisi-pp/www/v2/sportsetloisirsv2/vendor/laravel/framework/src/Illuminate/Pipeline/Pipeline.php(183): Illuminate\\Session\\Middleware\\StartSession->handle(Object(Illuminate\\Http\\Request), Object(Closure))
#28 /home/sportsetloisi-pp/www/v2/sportsetloisirsv2/vendor/laravel/framework/src/Illuminate/Cookie/Middleware/AddQueuedCookiesToResponse.php(37): Illuminate\\Pipeline\\Pipeline->Illuminate\\Pipeline\\{closure}(Object(Illuminate\\Http\\Request))
#29 /home/sportsetloisi-pp/www/v2/sportsetloisirsv2/vendor/laravel/framework/src/Illuminate/Pipeline/Pipeline.php(183): Illuminate\\Cookie\\Middleware\\AddQueuedCookiesToResponse->handle(Object(Illuminate\\Http\\Request), Object(Closure))
#30 /home/sportsetloisi-pp/www/v2/sportsetloisirsv2/vendor/laravel/framework/src/Illuminate/Cookie/Middleware/EncryptCookies.php(67): Illuminate\\Pipeline\\Pipeline->Illuminate\\Pipeline\\{closure}(Object(Illuminate\\Http\\Request))
#31 /home/sportsetloisi-pp/www/v2/sportsetloisirsv2/vendor/laravel/framework/src/Illuminate/Pipeline/Pipeline.php(183): Illuminate\\Cookie\\Middleware\\EncryptCookies->handle(Object(Illuminate\\Http\\Request), Object(Closure))
#32 /home/sportsetloisi-pp/www/v2/sportsetloisirsv2/vendor/laravel/framework/src/Illuminate/Pipeline/Pipeline.php(119): Illuminate\\Pipeline\\Pipeline->Illuminate\\Pipeline\\{closure}(Object(Illuminate\\Http\\Request))
#33 /home/sportsetloisi-pp/www/v2/sportsetloisirsv2/vendor/laravel/framework/src/Illuminate/Routing/Router.php(807): Illuminate\\Pipeline\\Pipeline->then(Object(Closure))
#34 /home/sportsetloisi-pp/www/v2/sportsetloisirsv2/vendor/laravel/framework/src/Illuminate/Routing/Router.php(784): Illuminate\\Routing\\Router->runRouteWithinStack(Object(Illuminate\\Routing\\Route), Object(Illuminate\\Http\\Request))
#35 /home/sportsetloisi-pp/www/v2/sportsetloisirsv2/vendor/laravel/framework/src/Illuminate/Routing/Router.php(748): Illuminate\\Routing\\Router->runRoute(Object(Illuminate\\Http\\Request), Object(Illuminate\\Routing\\Route))
#36 /home/sportsetloisi-pp/www/v2/sportsetloisirsv2/vendor/laravel/framework/src/Illuminate/Routing/Router.php(737): Illuminate\\Routing\\Router->dispatchToRoute(Object(Illuminate\\Http\\Request))
#37 /home/sportsetloisi-pp/www/v2/sportsetloisirsv2/vendor/laravel/framework/src/Illuminate/Foundation/Http/Kernel.php(200): Illuminate\\Routing\\Router->dispatch(Object(Illuminate\\Http\\Request))
#38 /home/sportsetloisi-pp/www/v2/sportsetloisirsv2/vendor/laravel/framework/src/Illuminate/Pipeline/Pipeline.php(144): Illuminate\\Foundation\\Http\\Kernel->Illuminate\\Foundation\\Http\\{closure}(Object(Illuminate\\Http\\Request))
#39 /home/sportsetloisi-pp/www/v2/sportsetloisirsv2/vendor/livewire/livewire/src/Features/SupportDisablingBackButtonCache/DisableBackButtonCacheMiddleware.php(19): Illuminate\\Pipeline\\Pipeline->Illuminate\\Pipeline\\{closure}(Object(Illuminate\\Http\\Request))
#40 /home/sportsetloisi-pp/www/v2/sportsetloisirsv2/vendor/laravel/framework/src/Illuminate/Pipeline/Pipeline.php(183): Livewire\\Features\\SupportDisablingBackButtonCache\\DisableBackButtonCacheMiddleware->handle(Object(Illuminate\\Http\\Request), Object(Closure))
#41 /home/sportsetloisi-pp/www/v2/sportsetloisirsv2/vendor/laravel/framework/src/Illuminate/Foundation/Http/Middleware/TransformsRequest.php(21): Illuminate\\Pipeline\\Pipeline->Illuminate\\Pipeline\\{closure}(Object(Illuminate\\Http\\Request))
#42 /home/sportsetloisi-pp/www/v2/sportsetloisirsv2/vendor/laravel/framework/src/Illuminate/Foundation/Http/Middleware/ConvertEmptyStringsToNull.php(31): Illuminate\\Foundation\\Http\\Middleware\\TransformsRequest->handle(Object(Illuminate\\Http\\Request), Object(Closure))
#43 /home/sportsetloisi-pp/www/v2/sportsetloisirsv2/vendor/laravel/framework/src/Illuminate/Pipeline/Pipeline.php(183): Illuminate\\Foundation\\Http\\Middleware\\ConvertEmptyStringsToNull->handle(Object(Illuminate\\Http\\Request), Object(Closure))
#44 /home/sportsetloisi-pp/www/v2/sportsetloisirsv2/vendor/laravel/framework/src/Illuminate/Foundation/Http/Middleware/TransformsRequest.php(21): Illuminate\\Pipeline\\Pipeline->Illuminate\\Pipeline\\{closure}(Object(Illuminate\\Http\\Request))
#45 /home/sportsetloisi-pp/www/v2/sportsetloisirsv2/vendor/laravel/framework/src/Illuminate/Foundation/Http/Middleware/TrimStrings.php(40): Illuminate\\Foundation\\Http\\Middleware\\TransformsRequest->handle(Object(Illuminate\\Http\\Request), Object(Closure))
#46 /home/sportsetloisi-pp/www/v2/sportsetloisirsv2/vendor/laravel/framework/src/Illuminate/Pipeline/Pipeline.php(183): Illuminate\\Foundation\\Http\\Middleware\\TrimStrings->handle(Object(Illuminate\\Http\\Request), Object(Closure))
#47 /home/sportsetloisi-pp/www/v2/sportsetloisirsv2/vendor/laravel/framework/src/Illuminate/Foundation/Http/Middleware/ValidatePostSize.php(27): Illuminate\\Pipeline\\Pipeline->Illuminate\\Pipeline\\{closure}(Object(Illuminate\\Http\\Request))
#48 /home/sportsetloisi-pp/www/v2/sportsetloisirsv2/vendor/laravel/framework/src/Illuminate/Pipeline/Pipeline.php(183): Illuminate\\Foundation\\Http\\Middleware\\ValidatePostSize->handle(Object(Illuminate\\Http\\Request), Object(Closure))
#49 /home/sportsetloisi-pp/www/v2/sportsetloisirsv2/vendor/laravel/framework/src/Illuminate/Foundation/Http/Middleware/PreventRequestsDuringMaintenance.php(99): Illuminate\\Pipeline\\Pipeline->Illuminate\\Pipeline\\{closure}(Object(Illuminate\\Http\\Request))
#50 /home/sportsetloisi-pp/www/v2/sportsetloisirsv2/vendor/laravel/framework/src/Illuminate/Pipeline/Pipeline.php(183): Illuminate\\Foundation\\Http\\Middleware\\PreventRequestsDuringMaintenance->handle(Object(Illuminate\\Http\\Request), Object(Closure))
#51 /home/sportsetloisi-pp/www/v2/sportsetloisirsv2/vendor/laravel/framework/src/Illuminate/Http/Middleware/HandleCors.php(49): Illuminate\\Pipeline\\Pipeline->Illuminate\\Pipeline\\{closure}(Object(Illuminate\\Http\\Request))
#52 /home/sportsetloisi-pp/www/v2/sportsetloisirsv2/vendor/laravel/framework/src/Illuminate/Pipeline/Pipeline.php(183): Illuminate\\Http\\Middleware\\HandleCors->handle(Object(Illuminate\\Http\\Request), Object(Closure))
#53 /home/sportsetloisi-pp/www/v2/sportsetloisirsv2/vendor/laravel/framework/src/Illuminate/Http/Middleware/TrustProxies.php(39): Illuminate\\Pipeline\\Pipeline->Illuminate\\Pipeline\\{closure}(Object(Illuminate\\Http\\Request))
#54 /home/sportsetloisi-pp/www/v2/sportsetloisirsv2/vendor/laravel/framework/src/Illuminate/Pipeline/Pipeline.php(183): Illuminate\\Http\\Middleware\\TrustProxies->handle(Object(Illuminate\\Http\\Request), Object(Closure))
#55 /home/sportsetloisi-pp/www/v2/sportsetloisirsv2/vendor/laravel/framework/src/Illuminate/Pipeline/Pipeline.php(119): Illuminate\\Pipeline\\Pipeline->Illuminate\\Pipeline\\{closure}(Object(Illuminate\\Http\\Request))
#56 /home/sportsetloisi-pp/www/v2/sportsetloisirsv2/vendor/laravel/framework/src/Illuminate/Foundation/Http/Kernel.php(175): Illuminate\\Pipeline\\Pipeline->then(Object(Closure))
#57 /home/sportsetloisi-pp/www/v2/sportsetloisirsv2/vendor/laravel/framework/src/Illuminate/Foundation/Http/Kernel.php(144): Illuminate\\Foundation\\Http\\Kernel->sendRequestThroughRouter(Object(Illuminate\\Http\\Request))
#58 /home/sportsetloisi-pp/www/v2/sportsetloisirsv2/public/index.php(52): Illuminate\\Foundation\\Http\\Kernel->handle(Object(Illuminate\\Http\\Request))
#59 {main}
"} 
[2024-04-18 13:48:30] production.ERROR: No API key provided.  (HINT: set your API key using "Stripe::setApiKey(<API-KEY>)".  You can generate API keys from the Stripe web interface.  See https://stripe.com/api for details, or email support@stripe.com if you have any questions. {"userId":1,"exception":"[object] (Stripe\\Exception\\AuthenticationException(code: 0): No API key provided.  (HINT: set your API key using \"Stripe::setApiKey(<API-KEY>)\".  You can generate API keys from the Stripe web interface.  See https://stripe.com/api for details, or email support@stripe.com if you have any questions. at /home/sportsetloisi-pp/www/v2/sportsetloisirsv2/vendor/stripe/stripe-php/lib/ApiRequestor.php:373)
[stacktrace]
#0 /home/sportsetloisi-pp/www/v2/sportsetloisirsv2/vendor/stripe/stripe-php/lib/ApiRequestor.php(451): Stripe\\ApiRequestor->_prepareRequest('post', '/v1/checkout/se...', Array, Array)
#1 /home/sportsetloisi-pp/www/v2/sportsetloisirsv2/vendor/stripe/stripe-php/lib/ApiRequestor.php(127): Stripe\\ApiRequestor->_requestRaw('post', '/v1/checkout/se...', Array, Array, Array)
#2 /home/sportsetloisi-pp/www/v2/sportsetloisirsv2/vendor/stripe/stripe-php/lib/ApiOperations/Request.php(109): Stripe\\ApiRequestor->request('post', '/v1/checkout/se...', Array, Array, Array)
#3 /home/sportsetloisi-pp/www/v2/sportsetloisirsv2/vendor/stripe/stripe-php/lib/ApiOperations/Create.php(25): Stripe\\ApiResource::_staticRequest('post', '/v1/checkout/se...', Array, NULL)
#4 /home/sportsetloisi-pp/www/v2/sportsetloisirsv2/app/Http/Controllers/PanierPaymentController.php(180): Stripe\\Checkout\\Session::create(Array)
#5 /home/sportsetloisi-pp/www/v2/sportsetloisirsv2/vendor/laravel/framework/src/Illuminate/Routing/Controller.php(54): App\\Http\\Controllers\\PanierPaymentController->createCheckoutSession(Object(Illuminate\\Http\\Request))
#6 /home/sportsetloisi-pp/www/v2/sportsetloisirsv2/vendor/laravel/framework/src/Illuminate/Routing/ControllerDispatcher.php(43): Illuminate\\Routing\\Controller->callAction('createCheckoutS...', Array)
#7 /home/sportsetloisi-pp/www/v2/sportsetloisirsv2/vendor/laravel/framework/src/Illuminate/Routing/Route.php(260): Illuminate\\Routing\\ControllerDispatcher->dispatch(Object(Illuminate\\Routing\\Route), Object(App\\Http\\Controllers\\PanierPaymentController), 'createCheckoutS...')
#8 /home/sportsetloisi-pp/www/v2/sportsetloisirsv2/vendor/laravel/framework/src/Illuminate/Routing/Route.php(205): Illuminate\\Routing\\Route->runController()
#9 /home/sportsetloisi-pp/www/v2/sportsetloisirsv2/vendor/laravel/framework/src/Illuminate/Routing/Router.php(806): Illuminate\\Routing\\Route->run()
#10 /home/sportsetloisi-pp/www/v2/sportsetloisirsv2/vendor/laravel/framework/src/Illuminate/Pipeline/Pipeline.php(144): Illuminate\\Routing\\Router->Illuminate\\Routing\\{closure}(Object(Illuminate\\Http\\Request))
#11 /home/sportsetloisi-pp/www/v2/sportsetloisirsv2/vendor/laravel/framework/src/Illuminate/Auth/Middleware/EnsureEmailIsVerified.php(41): Illuminate\\Pipeline\\Pipeline->Illuminate\\Pipeline\\{closure}(Object(Illuminate\\Http\\Request))
#12 /home/sportsetloisi-pp/www/v2/sportsetloisirsv2/vendor/laravel/framework/src/Illuminate/Pipeline/Pipeline.php(183): Illuminate\\Auth\\Middleware\\EnsureEmailIsVerified->handle(Object(Illuminate\\Http\\Request), Object(Closure))
#13 /home/sportsetloisi-pp/www/v2/sportsetloisirsv2/vendor/laravel/framework/src/Illuminate/Http/Middleware/AddLinkHeadersForPreloadedAssets.php(19): Illuminate\\Pipeline\\Pipeline->Illuminate\\Pipeline\\{closure}(Object(Illuminate\\Http\\Request))
#14 /home/sportsetloisi-pp/www/v2/sportsetloisirsv2/vendor/laravel/framework/src/Illuminate/Pipeline/Pipeline.php(183): Illuminate\\Http\\Middleware\\AddLinkHeadersForPreloadedAssets->handle(Object(Illuminate\\Http\\Request), Object(Closure))
#15 /home/sportsetloisi-pp/www/v2/sportsetloisirsv2/vendor/inertiajs/inertia-laravel/src/Middleware.php(87): Illuminate\\Pipeline\\Pipeline->Illuminate\\Pipeline\\{closure}(Object(Illuminate\\Http\\Request))
#16 /home/sportsetloisi-pp/www/v2/sportsetloisirsv2/vendor/laravel/framework/src/Illuminate/Pipeline/Pipeline.php(183): Inertia\\Middleware->handle(Object(Illuminate\\Http\\Request), Object(Closure))
#17 /home/sportsetloisi-pp/www/v2/sportsetloisirsv2/vendor/laravel/framework/src/Illuminate/Routing/Middleware/SubstituteBindings.php(50): Illuminate\\Pipeline\\Pipeline->Illuminate\\Pipeline\\{closure}(Object(Illuminate\\Http\\Request))
#18 /home/sportsetloisi-pp/www/v2/sportsetloisirsv2/vendor/laravel/framework/src/Illuminate/Pipeline/Pipeline.php(183): Illuminate\\Routing\\Middleware\\SubstituteBindings->handle(Object(Illuminate\\Http\\Request), Object(Closure))
#19 /home/sportsetloisi-pp/www/v2/sportsetloisirsv2/vendor/laravel/framework/src/Illuminate/Auth/Middleware/Authenticate.php(57): Illuminate\\Pipeline\\Pipeline->Illuminate\\Pipeline\\{closure}(Object(Illuminate\\Http\\Request))
#20 /home/sportsetloisi-pp/www/v2/sportsetloisirsv2/vendor/laravel/framework/src/Illuminate/Pipeline/Pipeline.php(183): Illuminate\\Auth\\Middleware\\Authenticate->handle(Object(Illuminate\\Http\\Request), Object(Closure))
#21 /home/sportsetloisi-pp/www/v2/sportsetloisirsv2/vendor/laravel/framework/src/Illuminate/Foundation/Http/Middleware/VerifyCsrfToken.php(78): Illuminate\\Pipeline\\Pipeline->Illuminate\\Pipeline\\{closure}(Object(Illuminate\\Http\\Request))
#22 /home/sportsetloisi-pp/www/v2/sportsetloisirsv2/vendor/laravel/framework/src/Illuminate/Pipeline/Pipeline.php(183): Illuminate\\Foundation\\Http\\Middleware\\VerifyCsrfToken->handle(Object(Illuminate\\Http\\Request), Object(Closure))
#23 /home/sportsetloisi-pp/www/v2/sportsetloisirsv2/vendor/laravel/framework/src/Illuminate/View/Middleware/ShareErrorsFromSession.php(49): Illuminate\\Pipeline\\Pipeline->Illuminate\\Pipeline\\{closure}(Object(Illuminate\\Http\\Request))
#24 /home/sportsetloisi-pp/www/v2/sportsetloisirsv2/vendor/laravel/framework/src/Illuminate/Pipeline/Pipeline.php(183): Illuminate\\View\\Middleware\\ShareErrorsFromSession->handle(Object(Illuminate\\Http\\Request), Object(Closure))
#25 /home/sportsetloisi-pp/www/v2/sportsetloisirsv2/vendor/laravel/framework/src/Illuminate/Session/Middleware/StartSession.php(121): Illuminate\\Pipeline\\Pipeline->Illuminate\\Pipeline\\{closure}(Object(Illuminate\\Http\\Request))
#26 /home/sportsetloisi-pp/www/v2/sportsetloisirsv2/vendor/laravel/framework/src/Illuminate/Session/Middleware/StartSession.php(64): Illuminate\\Session\\Middleware\\StartSession->handleStatefulRequest(Object(Illuminate\\Http\\Request), Object(Illuminate\\Session\\Store), Object(Closure))
#27 /home/sportsetloisi-pp/www/v2/sportsetloisirsv2/vendor/laravel/framework/src/Illuminate/Pipeline/Pipeline.php(183): Illuminate\\Session\\Middleware\\StartSession->handle(Object(Illuminate\\Http\\Request), Object(Closure))
#28 /home/sportsetloisi-pp/www/v2/sportsetloisirsv2/vendor/laravel/framework/src/Illuminate/Cookie/Middleware/AddQueuedCookiesToResponse.php(37): Illuminate\\Pipeline\\Pipeline->Illuminate\\Pipeline\\{closure}(Object(Illuminate\\Http\\Request))
#29 /home/sportsetloisi-pp/www/v2/sportsetloisirsv2/vendor/laravel/framework/src/Illuminate/Pipeline/Pipeline.php(183): Illuminate\\Cookie\\Middleware\\AddQueuedCookiesToResponse->handle(Object(Illuminate\\Http\\Request), Object(Closure))
#30 /home/sportsetloisi-pp/www/v2/sportsetloisirsv2/vendor/laravel/framework/src/Illuminate/Cookie/Middleware/EncryptCookies.php(67): Illuminate\\Pipeline\\Pipeline->Illuminate\\Pipeline\\{closure}(Object(Illuminate\\Http\\Request))
#31 /home/sportsetloisi-pp/www/v2/sportsetloisirsv2/vendor/laravel/framework/src/Illuminate/Pipeline/Pipeline.php(183): Illuminate\\Cookie\\Middleware\\EncryptCookies->handle(Object(Illuminate\\Http\\Request), Object(Closure))
#32 /home/sportsetloisi-pp/www/v2/sportsetloisirsv2/vendor/laravel/framework/src/Illuminate/Pipeline/Pipeline.php(119): Illuminate\\Pipeline\\Pipeline->Illuminate\\Pipeline\\{closure}(Object(Illuminate\\Http\\Request))
#33 /home/sportsetloisi-pp/www/v2/sportsetloisirsv2/vendor/laravel/framework/src/Illuminate/Routing/Router.php(807): Illuminate\\Pipeline\\Pipeline->then(Object(Closure))
#34 /home/sportsetloisi-pp/www/v2/sportsetloisirsv2/vendor/laravel/framework/src/Illuminate/Routing/Router.php(784): Illuminate\\Routing\\Router->runRouteWithinStack(Object(Illuminate\\Routing\\Route), Object(Illuminate\\Http\\Request))
#35 /home/sportsetloisi-pp/www/v2/sportsetloisirsv2/vendor/laravel/framework/src/Illuminate/Routing/Router.php(748): Illuminate\\Routing\\Router->runRoute(Object(Illuminate\\Http\\Request), Object(Illuminate\\Routing\\Route))
#36 /home/sportsetloisi-pp/www/v2/sportsetloisirsv2/vendor/laravel/framework/src/Illuminate/Routing/Router.php(737): Illuminate\\Routing\\Router->dispatchToRoute(Object(Illuminate\\Http\\Request))
#37 /home/sportsetloisi-pp/www/v2/sportsetloisirsv2/vendor/laravel/framework/src/Illuminate/Foundation/Http/Kernel.php(200): Illuminate\\Routing\\Router->dispatch(Object(Illuminate\\Http\\Request))
#38 /home/sportsetloisi-pp/www/v2/sportsetloisirsv2/vendor/laravel/framework/src/Illuminate/Pipeline/Pipeline.php(144): Illuminate\\Foundation\\Http\\Kernel->Illuminate\\Foundation\\Http\\{closure}(Object(Illuminate\\Http\\Request))
#39 /home/sportsetloisi-pp/www/v2/sportsetloisirsv2/vendor/livewire/livewire/src/Features/SupportDisablingBackButtonCache/DisableBackButtonCacheMiddleware.php(19): Illuminate\\Pipeline\\Pipeline->Illuminate\\Pipeline\\{closure}(Object(Illuminate\\Http\\Request))
#40 /home/sportsetloisi-pp/www/v2/sportsetloisirsv2/vendor/laravel/framework/src/Illuminate/Pipeline/Pipeline.php(183): Livewire\\Features\\SupportDisablingBackButtonCache\\DisableBackButtonCacheMiddleware->handle(Object(Illuminate\\Http\\Request), Object(Closure))
#41 /home/sportsetloisi-pp/www/v2/sportsetloisirsv2/vendor/laravel/framework/src/Illuminate/Foundation/Http/Middleware/TransformsRequest.php(21): Illuminate\\Pipeline\\Pipeline->Illuminate\\Pipeline\\{closure}(Object(Illuminate\\Http\\Request))
#42 /home/sportsetloisi-pp/www/v2/sportsetloisirsv2/vendor/laravel/framework/src/Illuminate/Foundation/Http/Middleware/ConvertEmptyStringsToNull.php(31): Illuminate\\Foundation\\Http\\Middleware\\TransformsRequest->handle(Object(Illuminate\\Http\\Request), Object(Closure))
#43 /home/sportsetloisi-pp/www/v2/sportsetloisirsv2/vendor/laravel/framework/src/Illuminate/Pipeline/Pipeline.php(183): Illuminate\\Foundation\\Http\\Middleware\\ConvertEmptyStringsToNull->handle(Object(Illuminate\\Http\\Request), Object(Closure))
#44 /home/sportsetloisi-pp/www/v2/sportsetloisirsv2/vendor/laravel/framework/src/Illuminate/Foundation/Http/Middleware/TransformsRequest.php(21): Illuminate\\Pipeline\\Pipeline->Illuminate\\Pipeline\\{closure}(Object(Illuminate\\Http\\Request))
#45 /home/sportsetloisi-pp/www/v2/sportsetloisirsv2/vendor/laravel/framework/src/Illuminate/Foundation/Http/Middleware/TrimStrings.php(40): Illuminate\\Foundation\\Http\\Middleware\\TransformsRequest->handle(Object(Illuminate\\Http\\Request), Object(Closure))
#46 /home/sportsetloisi-pp/www/v2/sportsetloisirsv2/vendor/laravel/framework/src/Illuminate/Pipeline/Pipeline.php(183): Illuminate\\Foundation\\Http\\Middleware\\TrimStrings->handle(Object(Illuminate\\Http\\Request), Object(Closure))
#47 /home/sportsetloisi-pp/www/v2/sportsetloisirsv2/vendor/laravel/framework/src/Illuminate/Foundation/Http/Middleware/ValidatePostSize.php(27): Illuminate\\Pipeline\\Pipeline->Illuminate\\Pipeline\\{closure}(Object(Illuminate\\Http\\Request))
#48 /home/sportsetloisi-pp/www/v2/sportsetloisirsv2/vendor/laravel/framework/src/Illuminate/Pipeline/Pipeline.php(183): Illuminate\\Foundation\\Http\\Middleware\\ValidatePostSize->handle(Object(Illuminate\\Http\\Request), Object(Closure))
#49 /home/sportsetloisi-pp/www/v2/sportsetloisirsv2/vendor/laravel/framework/src/Illuminate/Foundation/Http/Middleware/PreventRequestsDuringMaintenance.php(99): Illuminate\\Pipeline\\Pipeline->Illuminate\\Pipeline\\{closure}(Object(Illuminate\\Http\\Request))
#50 /home/sportsetloisi-pp/www/v2/sportsetloisirsv2/vendor/laravel/framework/src/Illuminate/Pipeline/Pipeline.php(183): Illuminate\\Foundation\\Http\\Middleware\\PreventRequestsDuringMaintenance->handle(Object(Illuminate\\Http\\Request), Object(Closure))
#51 /home/sportsetloisi-pp/www/v2/sportsetloisirsv2/vendor/laravel/framework/src/Illuminate/Http/Middleware/HandleCors.php(49): Illuminate\\Pipeline\\Pipeline->Illuminate\\Pipeline\\{closure}(Object(Illuminate\\Http\\Request))
#52 /home/sportsetloisi-pp/www/v2/sportsetloisirsv2/vendor/laravel/framework/src/Illuminate/Pipeline/Pipeline.php(183): Illuminate\\Http\\Middleware\\HandleCors->handle(Object(Illuminate\\Http\\Request), Object(Closure))
#53 /home/sportsetloisi-pp/www/v2/sportsetloisirsv2/vendor/laravel/framework/src/Illuminate/Http/Middleware/TrustProxies.php(39): Illuminate\\Pipeline\\Pipeline->Illuminate\\Pipeline\\{closure}(Object(Illuminate\\Http\\Request))
#54 /home/sportsetloisi-pp/www/v2/sportsetloisirsv2/vendor/laravel/framework/src/Illuminate/Pipeline/Pipeline.php(183): Illuminate\\Http\\Middleware\\TrustProxies->handle(Object(Illuminate\\Http\\Request), Object(Closure))
#55 /home/sportsetloisi-pp/www/v2/sportsetloisirsv2/vendor/laravel/framework/src/Illuminate/Pipeline/Pipeline.php(119): Illuminate\\Pipeline\\Pipeline->Illuminate\\Pipeline\\{closure}(Object(Illuminate\\Http\\Request))
#56 /home/sportsetloisi-pp/www/v2/sportsetloisirsv2/vendor/laravel/framework/src/Illuminate/Foundation/Http/Kernel.php(175): Illuminate\\Pipeline\\Pipeline->then(Object(Closure))
#57 /home/sportsetloisi-pp/www/v2/sportsetloisirsv2/vendor/laravel/framework/src/Illuminate/Foundation/Http/Kernel.php(144): Illuminate\\Foundation\\Http\\Kernel->sendRequestThroughRouter(Object(Illuminate\\Http\\Request))
#58 /home/sportsetloisi-pp/www/v2/sportsetloisirsv2/public/index.php(52): Illuminate\\Foundation\\Http\\Kernel->handle(Object(Illuminate\\Http\\Request))
#59 {main}
"} 
[2024-04-18 13:48:46] production.ERROR: No API key provided.  (HINT: set your API key using "Stripe::setApiKey(<API-KEY>)".  You can generate API keys from the Stripe web interface.  See https://stripe.com/api for details, or email support@stripe.com if you have any questions. {"userId":1,"exception":"[object] (Stripe\\Exception\\AuthenticationException(code: 0): No API key provided.  (HINT: set your API key using \"Stripe::setApiKey(<API-KEY>)\".  You can generate API keys from the Stripe web interface.  See https://stripe.com/api for details, or email support@stripe.com if you have any questions. at /home/sportsetloisi-pp/www/v2/sportsetloisirsv2/vendor/stripe/stripe-php/lib/ApiRequestor.php:373)
[stacktrace]
#0 /home/sportsetloisi-pp/www/v2/sportsetloisirsv2/vendor/stripe/stripe-php/lib/ApiRequestor.php(451): Stripe\\ApiRequestor->_prepareRequest('post', '/v1/checkout/se...', Array, Array)
#1 /home/sportsetloisi-pp/www/v2/sportsetloisirsv2/vendor/stripe/stripe-php/lib/ApiRequestor.php(127): Stripe\\ApiRequestor->_requestRaw('post', '/v1/checkout/se...', Array, Array, Array)
#2 /home/sportsetloisi-pp/www/v2/sportsetloisirsv2/vendor/stripe/stripe-php/lib/ApiOperations/Request.php(109): Stripe\\ApiRequestor->request('post', '/v1/checkout/se...', Array, Array, Array)
#3 /home/sportsetloisi-pp/www/v2/sportsetloisirsv2/vendor/stripe/stripe-php/lib/ApiOperations/Create.php(25): Stripe\\ApiResource::_staticRequest('post', '/v1/checkout/se...', Array, NULL)
#4 /home/sportsetloisi-pp/www/v2/sportsetloisirsv2/app/Http/Controllers/PanierPaymentController.php(180): Stripe\\Checkout\\Session::create(Array)
#5 /home/sportsetloisi-pp/www/v2/sportsetloisirsv2/vendor/laravel/framework/src/Illuminate/Routing/Controller.php(54): App\\Http\\Controllers\\PanierPaymentController->createCheckoutSession(Object(Illuminate\\Http\\Request))
#6 /home/sportsetloisi-pp/www/v2/sportsetloisirsv2/vendor/laravel/framework/src/Illuminate/Routing/ControllerDispatcher.php(43): Illuminate\\Routing\\Controller->callAction('createCheckoutS...', Array)
#7 /home/sportsetloisi-pp/www/v2/sportsetloisirsv2/vendor/laravel/framework/src/Illuminate/Routing/Route.php(260): Illuminate\\Routing\\ControllerDispatcher->dispatch(Object(Illuminate\\Routing\\Route), Object(App\\Http\\Controllers\\PanierPaymentController), 'createCheckoutS...')
#8 /home/sportsetloisi-pp/www/v2/sportsetloisirsv2/vendor/laravel/framework/src/Illuminate/Routing/Route.php(205): Illuminate\\Routing\\Route->runController()
#9 /home/sportsetloisi-pp/www/v2/sportsetloisirsv2/vendor/laravel/framework/src/Illuminate/Routing/Router.php(806): Illuminate\\Routing\\Route->run()
#10 /home/sportsetloisi-pp/www/v2/sportsetloisirsv2/vendor/laravel/framework/src/Illuminate/Pipeline/Pipeline.php(144): Illuminate\\Routing\\Router->Illuminate\\Routing\\{closure}(Object(Illuminate\\Http\\Request))
#11 /home/sportsetloisi-pp/www/v2/sportsetloisirsv2/vendor/laravel/framework/src/Illuminate/Auth/Middleware/EnsureEmailIsVerified.php(41): Illuminate\\Pipeline\\Pipeline->Illuminate\\Pipeline\\{closure}(Object(Illuminate\\Http\\Request))
#12 /home/sportsetloisi-pp/www/v2/sportsetloisirsv2/vendor/laravel/framework/src/Illuminate/Pipeline/Pipeline.php(183): Illuminate\\Auth\\Middleware\\EnsureEmailIsVerified->handle(Object(Illuminate\\Http\\Request), Object(Closure))
#13 /home/sportsetloisi-pp/www/v2/sportsetloisirsv2/vendor/laravel/framework/src/Illuminate/Http/Middleware/AddLinkHeadersForPreloadedAssets.php(19): Illuminate\\Pipeline\\Pipeline->Illuminate\\Pipeline\\{closure}(Object(Illuminate\\Http\\Request))
#14 /home/sportsetloisi-pp/www/v2/sportsetloisirsv2/vendor/laravel/framework/src/Illuminate/Pipeline/Pipeline.php(183): Illuminate\\Http\\Middleware\\AddLinkHeadersForPreloadedAssets->handle(Object(Illuminate\\Http\\Request), Object(Closure))
#15 /home/sportsetloisi-pp/www/v2/sportsetloisirsv2/vendor/inertiajs/inertia-laravel/src/Middleware.php(87): Illuminate\\Pipeline\\Pipeline->Illuminate\\Pipeline\\{closure}(Object(Illuminate\\Http\\Request))
#16 /home/sportsetloisi-pp/www/v2/sportsetloisirsv2/vendor/laravel/framework/src/Illuminate/Pipeline/Pipeline.php(183): Inertia\\Middleware->handle(Object(Illuminate\\Http\\Request), Object(Closure))
#17 /home/sportsetloisi-pp/www/v2/sportsetloisirsv2/vendor/laravel/framework/src/Illuminate/Routing/Middleware/SubstituteBindings.php(50): Illuminate\\Pipeline\\Pipeline->Illuminate\\Pipeline\\{closure}(Object(Illuminate\\Http\\Request))
#18 /home/sportsetloisi-pp/www/v2/sportsetloisirsv2/vendor/laravel/framework/src/Illuminate/Pipeline/Pipeline.php(183): Illuminate\\Routing\\Middleware\\SubstituteBindings->handle(Object(Illuminate\\Http\\Request), Object(Closure))
#19 /home/sportsetloisi-pp/www/v2/sportsetloisirsv2/vendor/laravel/framework/src/Illuminate/Auth/Middleware/Authenticate.php(57): Illuminate\\Pipeline\\Pipeline->Illuminate\\Pipeline\\{closure}(Object(Illuminate\\Http\\Request))
#20 /home/sportsetloisi-pp/www/v2/sportsetloisirsv2/vendor/laravel/framework/src/Illuminate/Pipeline/Pipeline.php(183): Illuminate\\Auth\\Middleware\\Authenticate->handle(Object(Illuminate\\Http\\Request), Object(Closure))
#21 /home/sportsetloisi-pp/www/v2/sportsetloisirsv2/vendor/laravel/framework/src/Illuminate/Foundation/Http/Middleware/VerifyCsrfToken.php(78): Illuminate\\Pipeline\\Pipeline->Illuminate\\Pipeline\\{closure}(Object(Illuminate\\Http\\Request))
#22 /home/sportsetloisi-pp/www/v2/sportsetloisirsv2/vendor/laravel/framework/src/Illuminate/Pipeline/Pipeline.php(183): Illuminate\\Foundation\\Http\\Middleware\\VerifyCsrfToken->handle(Object(Illuminate\\Http\\Request), Object(Closure))
#23 /home/sportsetloisi-pp/www/v2/sportsetloisirsv2/vendor/laravel/framework/src/Illuminate/View/Middleware/ShareErrorsFromSession.php(49): Illuminate\\Pipeline\\Pipeline->Illuminate\\Pipeline\\{closure}(Object(Illuminate\\Http\\Request))
#24 /home/sportsetloisi-pp/www/v2/sportsetloisirsv2/vendor/laravel/framework/src/Illuminate/Pipeline/Pipeline.php(183): Illuminate\\View\\Middleware\\ShareErrorsFromSession->handle(Object(Illuminate\\Http\\Request), Object(Closure))
#25 /home/sportsetloisi-pp/www/v2/sportsetloisirsv2/vendor/laravel/framework/src/Illuminate/Session/Middleware/StartSession.php(121): Illuminate\\Pipeline\\Pipeline->Illuminate\\Pipeline\\{closure}(Object(Illuminate\\Http\\Request))
#26 /home/sportsetloisi-pp/www/v2/sportsetloisirsv2/vendor/laravel/framework/src/Illuminate/Session/Middleware/StartSession.php(64): Illuminate\\Session\\Middleware\\StartSession->handleStatefulRequest(Object(Illuminate\\Http\\Request), Object(Illuminate\\Session\\Store), Object(Closure))
#27 /home/sportsetloisi-pp/www/v2/sportsetloisirsv2/vendor/laravel/framework/src/Illuminate/Pipeline/Pipeline.php(183): Illuminate\\Session\\Middleware\\StartSession->handle(Object(Illuminate\\Http\\Request), Object(Closure))
#28 /home/sportsetloisi-pp/www/v2/sportsetloisirsv2/vendor/laravel/framework/src/Illuminate/Cookie/Middleware/AddQueuedCookiesToResponse.php(37): Illuminate\\Pipeline\\Pipeline->Illuminate\\Pipeline\\{closure}(Object(Illuminate\\Http\\Request))
#29 /home/sportsetloisi-pp/www/v2/sportsetloisirsv2/vendor/laravel/framework/src/Illuminate/Pipeline/Pipeline.php(183): Illuminate\\Cookie\\Middleware\\AddQueuedCookiesToResponse->handle(Object(Illuminate\\Http\\Request), Object(Closure))
#30 /home/sportsetloisi-pp/www/v2/sportsetloisirsv2/vendor/laravel/framework/src/Illuminate/Cookie/Middleware/EncryptCookies.php(67): Illuminate\\Pipeline\\Pipeline->Illuminate\\Pipeline\\{closure}(Object(Illuminate\\Http\\Request))
#31 /home/sportsetloisi-pp/www/v2/sportsetloisirsv2/vendor/laravel/framework/src/Illuminate/Pipeline/Pipeline.php(183): Illuminate\\Cookie\\Middleware\\EncryptCookies->handle(Object(Illuminate\\Http\\Request), Object(Closure))
#32 /home/sportsetloisi-pp/www/v2/sportsetloisirsv2/vendor/laravel/framework/src/Illuminate/Pipeline/Pipeline.php(119): Illuminate\\Pipeline\\Pipeline->Illuminate\\Pipeline\\{closure}(Object(Illuminate\\Http\\Request))
#33 /home/sportsetloisi-pp/www/v2/sportsetloisirsv2/vendor/laravel/framework/src/Illuminate/Routing/Router.php(807): Illuminate\\Pipeline\\Pipeline->then(Object(Closure))
#34 /home/sportsetloisi-pp/www/v2/sportsetloisirsv2/vendor/laravel/framework/src/Illuminate/Routing/Router.php(784): Illuminate\\Routing\\Router->runRouteWithinStack(Object(Illuminate\\Routing\\Route), Object(Illuminate\\Http\\Request))
#35 /home/sportsetloisi-pp/www/v2/sportsetloisirsv2/vendor/laravel/framework/src/Illuminate/Routing/Router.php(748): Illuminate\\Routing\\Router->runRoute(Object(Illuminate\\Http\\Request), Object(Illuminate\\Routing\\Route))
#36 /home/sportsetloisi-pp/www/v2/sportsetloisirsv2/vendor/laravel/framework/src/Illuminate/Routing/Router.php(737): Illuminate\\Routing\\Router->dispatchToRoute(Object(Illuminate\\Http\\Request))
#37 /home/sportsetloisi-pp/www/v2/sportsetloisirsv2/vendor/laravel/framework/src/Illuminate/Foundation/Http/Kernel.php(200): Illuminate\\Routing\\Router->dispatch(Object(Illuminate\\Http\\Request))
#38 /home/sportsetloisi-pp/www/v2/sportsetloisirsv2/vendor/laravel/framework/src/Illuminate/Pipeline/Pipeline.php(144): Illuminate\\Foundation\\Http\\Kernel->Illuminate\\Foundation\\Http\\{closure}(Object(Illuminate\\Http\\Request))
#39 /home/sportsetloisi-pp/www/v2/sportsetloisirsv2/vendor/livewire/livewire/src/Features/SupportDisablingBackButtonCache/DisableBackButtonCacheMiddleware.php(19): Illuminate\\Pipeline\\Pipeline->Illuminate\\Pipeline\\{closure}(Object(Illuminate\\Http\\Request))
#40 /home/sportsetloisi-pp/www/v2/sportsetloisirsv2/vendor/laravel/framework/src/Illuminate/Pipeline/Pipeline.php(183): Livewire\\Features\\SupportDisablingBackButtonCache\\DisableBackButtonCacheMiddleware->handle(Object(Illuminate\\Http\\Request), Object(Closure))
#41 /home/sportsetloisi-pp/www/v2/sportsetloisirsv2/vendor/laravel/framework/src/Illuminate/Foundation/Http/Middleware/TransformsRequest.php(21): Illuminate\\Pipeline\\Pipeline->Illuminate\\Pipeline\\{closure}(Object(Illuminate\\Http\\Request))
#42 /home/sportsetloisi-pp/www/v2/sportsetloisirsv2/vendor/laravel/framework/src/Illuminate/Foundation/Http/Middleware/ConvertEmptyStringsToNull.php(31): Illuminate\\Foundation\\Http\\Middleware\\TransformsRequest->handle(Object(Illuminate\\Http\\Request), Object(Closure))
#43 /home/sportsetloisi-pp/www/v2/sportsetloisirsv2/vendor/laravel/framework/src/Illuminate/Pipeline/Pipeline.php(183): Illuminate\\Foundation\\Http\\Middleware\\ConvertEmptyStringsToNull->handle(Object(Illuminate\\Http\\Request), Object(Closure))
#44 /home/sportsetloisi-pp/www/v2/sportsetloisirsv2/vendor/laravel/framework/src/Illuminate/Foundation/Http/Middleware/TransformsRequest.php(21): Illuminate\\Pipeline\\Pipeline->Illuminate\\Pipeline\\{closure}(Object(Illuminate\\Http\\Request))
#45 /home/sportsetloisi-pp/www/v2/sportsetloisirsv2/vendor/laravel/framework/src/Illuminate/Foundation/Http/Middleware/TrimStrings.php(40): Illuminate\\Foundation\\Http\\Middleware\\TransformsRequest->handle(Object(Illuminate\\Http\\Request), Object(Closure))
#46 /home/sportsetloisi-pp/www/v2/sportsetloisirsv2/vendor/laravel/framework/src/Illuminate/Pipeline/Pipeline.php(183): Illuminate\\Foundation\\Http\\Middleware\\TrimStrings->handle(Object(Illuminate\\Http\\Request), Object(Closure))
#47 /home/sportsetloisi-pp/www/v2/sportsetloisirsv2/vendor/laravel/framework/src/Illuminate/Foundation/Http/Middleware/ValidatePostSize.php(27): Illuminate\\Pipeline\\Pipeline->Illuminate\\Pipeline\\{closure}(Object(Illuminate\\Http\\Request))
#48 /home/sportsetloisi-pp/www/v2/sportsetloisirsv2/vendor/laravel/framework/src/Illuminate/Pipeline/Pipeline.php(183): Illuminate\\Foundation\\Http\\Middleware\\ValidatePostSize->handle(Object(Illuminate\\Http\\Request), Object(Closure))
#49 /home/sportsetloisi-pp/www/v2/sportsetloisirsv2/vendor/laravel/framework/src/Illuminate/Foundation/Http/Middleware/PreventRequestsDuringMaintenance.php(99): Illuminate\\Pipeline\\Pipeline->Illuminate\\Pipeline\\{closure}(Object(Illuminate\\Http\\Request))
#50 /home/sportsetloisi-pp/www/v2/sportsetloisirsv2/vendor/laravel/framework/src/Illuminate/Pipeline/Pipeline.php(183): Illuminate\\Foundation\\Http\\Middleware\\PreventRequestsDuringMaintenance->handle(Object(Illuminate\\Http\\Request), Object(Closure))
#51 /home/sportsetloisi-pp/www/v2/sportsetloisirsv2/vendor/laravel/framework/src/Illuminate/Http/Middleware/HandleCors.php(49): Illuminate\\Pipeline\\Pipeline->Illuminate\\Pipeline\\{closure}(Object(Illuminate\\Http\\Request))
#52 /home/sportsetloisi-pp/www/v2/sportsetloisirsv2/vendor/laravel/framework/src/Illuminate/Pipeline/Pipeline.php(183): Illuminate\\Http\\Middleware\\HandleCors->handle(Object(Illuminate\\Http\\Request), Object(Closure))
#53 /home/sportsetloisi-pp/www/v2/sportsetloisirsv2/vendor/laravel/framework/src/Illuminate/Http/Middleware/TrustProxies.php(39): Illuminate\\Pipeline\\Pipeline->Illuminate\\Pipeline\\{closure}(Object(Illuminate\\Http\\Request))
#54 /home/sportsetloisi-pp/www/v2/sportsetloisirsv2/vendor/laravel/framework/src/Illuminate/Pipeline/Pipeline.php(183): Illuminate\\Http\\Middleware\\TrustProxies->handle(Object(Illuminate\\Http\\Request), Object(Closure))
#55 /home/sportsetloisi-pp/www/v2/sportsetloisirsv2/vendor/laravel/framework/src/Illuminate/Pipeline/Pipeline.php(119): Illuminate\\Pipeline\\Pipeline->Illuminate\\Pipeline\\{closure}(Object(Illuminate\\Http\\Request))
#56 /home/sportsetloisi-pp/www/v2/sportsetloisirsv2/vendor/laravel/framework/src/Illuminate/Foundation/Http/Kernel.php(175): Illuminate\\Pipeline\\Pipeline->then(Object(Closure))
#57 /home/sportsetloisi-pp/www/v2/sportsetloisirsv2/vendor/laravel/framework/src/Illuminate/Foundation/Http/Kernel.php(144): Illuminate\\Foundation\\Http\\Kernel->sendRequestThroughRouter(Object(Illuminate\\Http\\Request))
#58 /home/sportsetloisi-pp/www/v2/sportsetloisirsv2/public/index.php(52): Illuminate\\Foundation\\Http\\Kernel->handle(Object(Illuminate\\Http\\Request))
#59 {main}
"} 
[2024-04-18 14:57:20] production.ERROR: No API key provided.  (HINT: set your API key using "Stripe::setApiKey(<API-KEY>)".  You can generate API keys from the Stripe web interface.  See https://stripe.com/api for details, or email support@stripe.com if you have any questions. {"userId":1,"exception":"[object] (Stripe\\Exception\\AuthenticationException(code: 0): No API key provided.  (HINT: set your API key using \"Stripe::setApiKey(<API-KEY>)\".  You can generate API keys from the Stripe web interface.  See https://stripe.com/api for details, or email support@stripe.com if you have any questions. at /home/sportsetloisi-pp/www/v2/sportsetloisirsv2/vendor/stripe/stripe-php/lib/ApiRequestor.php:373)
[stacktrace]
#0 /home/sportsetloisi-pp/www/v2/sportsetloisirsv2/vendor/stripe/stripe-php/lib/ApiRequestor.php(451): Stripe\\ApiRequestor->_prepareRequest('post', '/v1/checkout/se...', Array, Array)
#1 /home/sportsetloisi-pp/www/v2/sportsetloisirsv2/vendor/stripe/stripe-php/lib/ApiRequestor.php(127): Stripe\\ApiRequestor->_requestRaw('post', '/v1/checkout/se...', Array, Array, Array)
#2 /home/sportsetloisi-pp/www/v2/sportsetloisirsv2/vendor/stripe/stripe-php/lib/ApiOperations/Request.php(109): Stripe\\ApiRequestor->request('post', '/v1/checkout/se...', Array, Array, Array)
#3 /home/sportsetloisi-pp/www/v2/sportsetloisirsv2/vendor/stripe/stripe-php/lib/ApiOperations/Create.php(25): Stripe\\ApiResource::_staticRequest('post', '/v1/checkout/se...', Array, NULL)
#4 /home/sportsetloisi-pp/www/v2/sportsetloisirsv2/app/Http/Controllers/PanierPaymentController.php(180): Stripe\\Checkout\\Session::create(Array)
#5 /home/sportsetloisi-pp/www/v2/sportsetloisirsv2/vendor/laravel/framework/src/Illuminate/Routing/Controller.php(54): App\\Http\\Controllers\\PanierPaymentController->createCheckoutSession(Object(Illuminate\\Http\\Request))
#6 /home/sportsetloisi-pp/www/v2/sportsetloisirsv2/vendor/laravel/framework/src/Illuminate/Routing/ControllerDispatcher.php(43): Illuminate\\Routing\\Controller->callAction('createCheckoutS...', Array)
#7 /home/sportsetloisi-pp/www/v2/sportsetloisirsv2/vendor/laravel/framework/src/Illuminate/Routing/Route.php(260): Illuminate\\Routing\\ControllerDispatcher->dispatch(Object(Illuminate\\Routing\\Route), Object(App\\Http\\Controllers\\PanierPaymentController), 'createCheckoutS...')
#8 /home/sportsetloisi-pp/www/v2/sportsetloisirsv2/vendor/laravel/framework/src/Illuminate/Routing/Route.php(205): Illuminate\\Routing\\Route->runController()
#9 /home/sportsetloisi-pp/www/v2/sportsetloisirsv2/vendor/laravel/framework/src/Illuminate/Routing/Router.php(806): Illuminate\\Routing\\Route->run()
#10 /home/sportsetloisi-pp/www/v2/sportsetloisirsv2/vendor/laravel/framework/src/Illuminate/Pipeline/Pipeline.php(144): Illuminate\\Routing\\Router->Illuminate\\Routing\\{closure}(Object(Illuminate\\Http\\Request))
#11 /home/sportsetloisi-pp/www/v2/sportsetloisirsv2/vendor/laravel/framework/src/Illuminate/Auth/Middleware/EnsureEmailIsVerified.php(41): Illuminate\\Pipeline\\Pipeline->Illuminate\\Pipeline\\{closure}(Object(Illuminate\\Http\\Request))
#12 /home/sportsetloisi-pp/www/v2/sportsetloisirsv2/vendor/laravel/framework/src/Illuminate/Pipeline/Pipeline.php(183): Illuminate\\Auth\\Middleware\\EnsureEmailIsVerified->handle(Object(Illuminate\\Http\\Request), Object(Closure))
#13 /home/sportsetloisi-pp/www/v2/sportsetloisirsv2/vendor/laravel/framework/src/Illuminate/Http/Middleware/AddLinkHeadersForPreloadedAssets.php(19): Illuminate\\Pipeline\\Pipeline->Illuminate\\Pipeline\\{closure}(Object(Illuminate\\Http\\Request))
#14 /home/sportsetloisi-pp/www/v2/sportsetloisirsv2/vendor/laravel/framework/src/Illuminate/Pipeline/Pipeline.php(183): Illuminate\\Http\\Middleware\\AddLinkHeadersForPreloadedAssets->handle(Object(Illuminate\\Http\\Request), Object(Closure))
#15 /home/sportsetloisi-pp/www/v2/sportsetloisirsv2/vendor/inertiajs/inertia-laravel/src/Middleware.php(87): Illuminate\\Pipeline\\Pipeline->Illuminate\\Pipeline\\{closure}(Object(Illuminate\\Http\\Request))
#16 /home/sportsetloisi-pp/www/v2/sportsetloisirsv2/vendor/laravel/framework/src/Illuminate/Pipeline/Pipeline.php(183): Inertia\\Middleware->handle(Object(Illuminate\\Http\\Request), Object(Closure))
#17 /home/sportsetloisi-pp/www/v2/sportsetloisirsv2/vendor/laravel/framework/src/Illuminate/Routing/Middleware/SubstituteBindings.php(50): Illuminate\\Pipeline\\Pipeline->Illuminate\\Pipeline\\{closure}(Object(Illuminate\\Http\\Request))
#18 /home/sportsetloisi-pp/www/v2/sportsetloisirsv2/vendor/laravel/framework/src/Illuminate/Pipeline/Pipeline.php(183): Illuminate\\Routing\\Middleware\\SubstituteBindings->handle(Object(Illuminate\\Http\\Request), Object(Closure))
#19 /home/sportsetloisi-pp/www/v2/sportsetloisirsv2/vendor/laravel/framework/src/Illuminate/Auth/Middleware/Authenticate.php(57): Illuminate\\Pipeline\\Pipeline->Illuminate\\Pipeline\\{closure}(Object(Illuminate\\Http\\Request))
#20 /home/sportsetloisi-pp/www/v2/sportsetloisirsv2/vendor/laravel/framework/src/Illuminate/Pipeline/Pipeline.php(183): Illuminate\\Auth\\Middleware\\Authenticate->handle(Object(Illuminate\\Http\\Request), Object(Closure))
#21 /home/sportsetloisi-pp/www/v2/sportsetloisirsv2/vendor/laravel/framework/src/Illuminate/Foundation/Http/Middleware/VerifyCsrfToken.php(78): Illuminate\\Pipeline\\Pipeline->Illuminate\\Pipeline\\{closure}(Object(Illuminate\\Http\\Request))
#22 /home/sportsetloisi-pp/www/v2/sportsetloisirsv2/vendor/laravel/framework/src/Illuminate/Pipeline/Pipeline.php(183): Illuminate\\Foundation\\Http\\Middleware\\VerifyCsrfToken->handle(Object(Illuminate\\Http\\Request), Object(Closure))
#23 /home/sportsetloisi-pp/www/v2/sportsetloisirsv2/vendor/laravel/framework/src/Illuminate/View/Middleware/ShareErrorsFromSession.php(49): Illuminate\\Pipeline\\Pipeline->Illuminate\\Pipeline\\{closure}(Object(Illuminate\\Http\\Request))
#24 /home/sportsetloisi-pp/www/v2/sportsetloisirsv2/vendor/laravel/framework/src/Illuminate/Pipeline/Pipeline.php(183): Illuminate\\View\\Middleware\\ShareErrorsFromSession->handle(Object(Illuminate\\Http\\Request), Object(Closure))
#25 /home/sportsetloisi-pp/www/v2/sportsetloisirsv2/vendor/laravel/framework/src/Illuminate/Session/Middleware/StartSession.php(121): Illuminate\\Pipeline\\Pipeline->Illuminate\\Pipeline\\{closure}(Object(Illuminate\\Http\\Request))
#26 /home/sportsetloisi-pp/www/v2/sportsetloisirsv2/vendor/laravel/framework/src/Illuminate/Session/Middleware/StartSession.php(64): Illuminate\\Session\\Middleware\\StartSession->handleStatefulRequest(Object(Illuminate\\Http\\Request), Object(Illuminate\\Session\\Store), Object(Closure))
#27 /home/sportsetloisi-pp/www/v2/sportsetloisirsv2/vendor/laravel/framework/src/Illuminate/Pipeline/Pipeline.php(183): Illuminate\\Session\\Middleware\\StartSession->handle(Object(Illuminate\\Http\\Request), Object(Closure))
#28 /home/sportsetloisi-pp/www/v2/sportsetloisirsv2/vendor/laravel/framework/src/Illuminate/Cookie/Middleware/AddQueuedCookiesToResponse.php(37): Illuminate\\Pipeline\\Pipeline->Illuminate\\Pipeline\\{closure}(Object(Illuminate\\Http\\Request))
#29 /home/sportsetloisi-pp/www/v2/sportsetloisirsv2/vendor/laravel/framework/src/Illuminate/Pipeline/Pipeline.php(183): Illuminate\\Cookie\\Middleware\\AddQueuedCookiesToResponse->handle(Object(Illuminate\\Http\\Request), Object(Closure))
#30 /home/sportsetloisi-pp/www/v2/sportsetloisirsv2/vendor/laravel/framework/src/Illuminate/Cookie/Middleware/EncryptCookies.php(67): Illuminate\\Pipeline\\Pipeline->Illuminate\\Pipeline\\{closure}(Object(Illuminate\\Http\\Request))
#31 /home/sportsetloisi-pp/www/v2/sportsetloisirsv2/vendor/laravel/framework/src/Illuminate/Pipeline/Pipeline.php(183): Illuminate\\Cookie\\Middleware\\EncryptCookies->handle(Object(Illuminate\\Http\\Request), Object(Closure))
#32 /home/sportsetloisi-pp/www/v2/sportsetloisirsv2/vendor/laravel/framework/src/Illuminate/Pipeline/Pipeline.php(119): Illuminate\\Pipeline\\Pipeline->Illuminate\\Pipeline\\{closure}(Object(Illuminate\\Http\\Request))
#33 /home/sportsetloisi-pp/www/v2/sportsetloisirsv2/vendor/laravel/framework/src/Illuminate/Routing/Router.php(807): Illuminate\\Pipeline\\Pipeline->then(Object(Closure))
#34 /home/sportsetloisi-pp/www/v2/sportsetloisirsv2/vendor/laravel/framework/src/Illuminate/Routing/Router.php(784): Illuminate\\Routing\\Router->runRouteWithinStack(Object(Illuminate\\Routing\\Route), Object(Illuminate\\Http\\Request))
#35 /home/sportsetloisi-pp/www/v2/sportsetloisirsv2/vendor/laravel/framework/src/Illuminate/Routing/Router.php(748): Illuminate\\Routing\\Router->runRoute(Object(Illuminate\\Http\\Request), Object(Illuminate\\Routing\\Route))
#36 /home/sportsetloisi-pp/www/v2/sportsetloisirsv2/vendor/laravel/framework/src/Illuminate/Routing/Router.php(737): Illuminate\\Routing\\Router->dispatchToRoute(Object(Illuminate\\Http\\Request))
#37 /home/sportsetloisi-pp/www/v2/sportsetloisirsv2/vendor/laravel/framework/src/Illuminate/Foundation/Http/Kernel.php(200): Illuminate\\Routing\\Router->dispatch(Object(Illuminate\\Http\\Request))
#38 /home/sportsetloisi-pp/www/v2/sportsetloisirsv2/vendor/laravel/framework/src/Illuminate/Pipeline/Pipeline.php(144): Illuminate\\Foundation\\Http\\Kernel->Illuminate\\Foundation\\Http\\{closure}(Object(Illuminate\\Http\\Request))
#39 /home/sportsetloisi-pp/www/v2/sportsetloisirsv2/vendor/livewire/livewire/src/Features/SupportDisablingBackButtonCache/DisableBackButtonCacheMiddleware.php(19): Illuminate\\Pipeline\\Pipeline->Illuminate\\Pipeline\\{closure}(Object(Illuminate\\Http\\Request))
#40 /home/sportsetloisi-pp/www/v2/sportsetloisirsv2/vendor/laravel/framework/src/Illuminate/Pipeline/Pipeline.php(183): Livewire\\Features\\SupportDisablingBackButtonCache\\DisableBackButtonCacheMiddleware->handle(Object(Illuminate\\Http\\Request), Object(Closure))
#41 /home/sportsetloisi-pp/www/v2/sportsetloisirsv2/vendor/laravel/framework/src/Illuminate/Foundation/Http/Middleware/TransformsRequest.php(21): Illuminate\\Pipeline\\Pipeline->Illuminate\\Pipeline\\{closure}(Object(Illuminate\\Http\\Request))
#42 /home/sportsetloisi-pp/www/v2/sportsetloisirsv2/vendor/laravel/framework/src/Illuminate/Foundation/Http/Middleware/ConvertEmptyStringsToNull.php(31): Illuminate\\Foundation\\Http\\Middleware\\TransformsRequest->handle(Object(Illuminate\\Http\\Request), Object(Closure))
#43 /home/sportsetloisi-pp/www/v2/sportsetloisirsv2/vendor/laravel/framework/src/Illuminate/Pipeline/Pipeline.php(183): Illuminate\\Foundation\\Http\\Middleware\\ConvertEmptyStringsToNull->handle(Object(Illuminate\\Http\\Request), Object(Closure))
#44 /home/sportsetloisi-pp/www/v2/sportsetloisirsv2/vendor/laravel/framework/src/Illuminate/Foundation/Http/Middleware/TransformsRequest.php(21): Illuminate\\Pipeline\\Pipeline->Illuminate\\Pipeline\\{closure}(Object(Illuminate\\Http\\Request))
#45 /home/sportsetloisi-pp/www/v2/sportsetloisirsv2/vendor/laravel/framework/src/Illuminate/Foundation/Http/Middleware/TrimStrings.php(40): Illuminate\\Foundation\\Http\\Middleware\\TransformsRequest->handle(Object(Illuminate\\Http\\Request), Object(Closure))
#46 /home/sportsetloisi-pp/www/v2/sportsetloisirsv2/vendor/laravel/framework/src/Illuminate/Pipeline/Pipeline.php(183): Illuminate\\Foundation\\Http\\Middleware\\TrimStrings->handle(Object(Illuminate\\Http\\Request), Object(Closure))
#47 /home/sportsetloisi-pp/www/v2/sportsetloisirsv2/vendor/laravel/framework/src/Illuminate/Foundation/Http/Middleware/ValidatePostSize.php(27): Illuminate\\Pipeline\\Pipeline->Illuminate\\Pipeline\\{closure}(Object(Illuminate\\Http\\Request))
#48 /home/sportsetloisi-pp/www/v2/sportsetloisirsv2/vendor/laravel/framework/src/Illuminate/Pipeline/Pipeline.php(183): Illuminate\\Foundation\\Http\\Middleware\\ValidatePostSize->handle(Object(Illuminate\\Http\\Request), Object(Closure))
#49 /home/sportsetloisi-pp/www/v2/sportsetloisirsv2/vendor/laravel/framework/src/Illuminate/Foundation/Http/Middleware/PreventRequestsDuringMaintenance.php(99): Illuminate\\Pipeline\\Pipeline->Illuminate\\Pipeline\\{closure}(Object(Illuminate\\Http\\Request))
#50 /home/sportsetloisi-pp/www/v2/sportsetloisirsv2/vendor/laravel/framework/src/Illuminate/Pipeline/Pipeline.php(183): Illuminate\\Foundation\\Http\\Middleware\\PreventRequestsDuringMaintenance->handle(Object(Illuminate\\Http\\Request), Object(Closure))
#51 /home/sportsetloisi-pp/www/v2/sportsetloisirsv2/vendor/laravel/framework/src/Illuminate/Http/Middleware/HandleCors.php(49): Illuminate\\Pipeline\\Pipeline->Illuminate\\Pipeline\\{closure}(Object(Illuminate\\Http\\Request))
#52 /home/sportsetloisi-pp/www/v2/sportsetloisirsv2/vendor/laravel/framework/src/Illuminate/Pipeline/Pipeline.php(183): Illuminate\\Http\\Middleware\\HandleCors->handle(Object(Illuminate\\Http\\Request), Object(Closure))
#53 /home/sportsetloisi-pp/www/v2/sportsetloisirsv2/vendor/laravel/framework/src/Illuminate/Http/Middleware/TrustProxies.php(39): Illuminate\\Pipeline\\Pipeline->Illuminate\\Pipeline\\{closure}(Object(Illuminate\\Http\\Request))
#54 /home/sportsetloisi-pp/www/v2/sportsetloisirsv2/vendor/laravel/framework/src/Illuminate/Pipeline/Pipeline.php(183): Illuminate\\Http\\Middleware\\TrustProxies->handle(Object(Illuminate\\Http\\Request), Object(Closure))
#55 /home/sportsetloisi-pp/www/v2/sportsetloisirsv2/vendor/laravel/framework/src/Illuminate/Pipeline/Pipeline.php(119): Illuminate\\Pipeline\\Pipeline->Illuminate\\Pipeline\\{closure}(Object(Illuminate\\Http\\Request))
#56 /home/sportsetloisi-pp/www/v2/sportsetloisirsv2/vendor/laravel/framework/src/Illuminate/Foundation/Http/Kernel.php(175): Illuminate\\Pipeline\\Pipeline->then(Object(Closure))
#57 /home/sportsetloisi-pp/www/v2/sportsetloisirsv2/vendor/laravel/framework/src/Illuminate/Foundation/Http/Kernel.php(144): Illuminate\\Foundation\\Http\\Kernel->sendRequestThroughRouter(Object(Illuminate\\Http\\Request))
#58 /home/sportsetloisi-pp/www/v2/sportsetloisirsv2/public/index.php(52): Illuminate\\Foundation\\Http\\Kernel->handle(Object(Illuminate\\Http\\Request))
#59 {main}
"} 
[2024-04-18 15:03:06] production.ERROR: ReferenceError: self is not defined
    at Object.<anonymous> (/home/sportsetloisi-pp/www/v2/sportsetloisirsv2/node_modules/preline/index.js:1:224)
    at Module._compile (node:internal/modules/cjs/loader:1233:14)
    at Module._extensions..js (node:internal/modules/cjs/loader:1287:10)
    at Module.load (node:internal/modules/cjs/loader:1091:32)
    at Module._load (node:internal/modules/cjs/loader:938:12)
    at ModuleWrap.<anonymous> (node:internal/modules/esm/translators:165:29)
    at ModuleJob.run (node:internal/modules/esm/module_job:192:25)
    at async DefaultModuleLoader.import (node:internal/modules/esm/loader:228:24)
    at async j (file:///home/sportsetloisi-pp/www/v2/sportsetloisirsv2/node_modules/@inertiajs/vue3/dist/index.esm.js:1:5861)
    at async Server.<anonymous> (file:///home/sportsetloisi-pp/www/v2/sportsetloisirsv2/node_modules/@inertiajs/core/dist/server.esm.js:1:527)
 {"exception":"[object] (Inertia\\Ssr\\SsrException(code: 0): ReferenceError: self is not defined
    at Object.<anonymous> (/home/sportsetloisi-pp/www/v2/sportsetloisirsv2/node_modules/preline/index.js:1:224)
    at Module._compile (node:internal/modules/cjs/loader:1233:14)
    at Module._extensions..js (node:internal/modules/cjs/loader:1287:10)
    at Module.load (node:internal/modules/cjs/loader:1091:32)
    at Module._load (node:internal/modules/cjs/loader:938:12)
    at ModuleWrap.<anonymous> (node:internal/modules/esm/translators:165:29)
    at ModuleJob.run (node:internal/modules/esm/module_job:192:25)
    at async DefaultModuleLoader.import (node:internal/modules/esm/loader:228:24)
    at async j (file:///home/sportsetloisi-pp/www/v2/sportsetloisirsv2/node_modules/@inertiajs/vue3/dist/index.esm.js:1:5861)
    at async Server.<anonymous> (file:///home/sportsetloisi-pp/www/v2/sportsetloisirsv2/node_modules/@inertiajs/core/dist/server.esm.js:1:527)
 at /home/sportsetloisi-pp/www/v2/sportsetloisirsv2/vendor/inertiajs/inertia-laravel/src/Commands/StartSsr.php:82)
[stacktrace]
#0 /home/sportsetloisi-pp/www/v2/sportsetloisirsv2/vendor/laravel/framework/src/Illuminate/Container/BoundMethod.php(36): Inertia\\Commands\\StartSsr->handle()
#1 /home/sportsetloisi-pp/www/v2/sportsetloisirsv2/vendor/laravel/framework/src/Illuminate/Container/Util.php(41): Illuminate\\Container\\BoundMethod::Illuminate\\Container\\{closure}()
#2 /home/sportsetloisi-pp/www/v2/sportsetloisirsv2/vendor/laravel/framework/src/Illuminate/Container/BoundMethod.php(93): Illuminate\\Container\\Util::unwrapIfClosure(Object(Closure))
#3 /home/sportsetloisi-pp/www/v2/sportsetloisirsv2/vendor/laravel/framework/src/Illuminate/Container/BoundMethod.php(37): Illuminate\\Container\\BoundMethod::callBoundMethod(Object(Illuminate\\Foundation\\Application), Array, Object(Closure))
#4 /home/sportsetloisi-pp/www/v2/sportsetloisirsv2/vendor/laravel/framework/src/Illuminate/Container/Container.php(662): Illuminate\\Container\\BoundMethod::call(Object(Illuminate\\Foundation\\Application), Array, Array, NULL)
#5 /home/sportsetloisi-pp/www/v2/sportsetloisirsv2/vendor/laravel/framework/src/Illuminate/Console/Command.php(211): Illuminate\\Container\\Container->call(Array)
#6 /home/sportsetloisi-pp/www/v2/sportsetloisirsv2/vendor/symfony/console/Command/Command.php(326): Illuminate\\Console\\Command->execute(Object(Symfony\\Component\\Console\\Input\\ArgvInput), Object(Illuminate\\Console\\OutputStyle))
#7 /home/sportsetloisi-pp/www/v2/sportsetloisirsv2/vendor/laravel/framework/src/Illuminate/Console/Command.php(181): Symfony\\Component\\Console\\Command\\Command->run(Object(Symfony\\Component\\Console\\Input\\ArgvInput), Object(Illuminate\\Console\\OutputStyle))
#8 /home/sportsetloisi-pp/www/v2/sportsetloisirsv2/vendor/symfony/console/Application.php(1096): Illuminate\\Console\\Command->run(Object(Symfony\\Component\\Console\\Input\\ArgvInput), Object(Symfony\\Component\\Console\\Output\\ConsoleOutput))
#9 /home/sportsetloisi-pp/www/v2/sportsetloisirsv2/vendor/symfony/console/Application.php(324): Symfony\\Component\\Console\\Application->doRunCommand(Object(Inertia\\Commands\\StartSsr), Object(Symfony\\Component\\Console\\Input\\ArgvInput), Object(Symfony\\Component\\Console\\Output\\ConsoleOutput))
#10 /home/sportsetloisi-pp/www/v2/sportsetloisirsv2/vendor/symfony/console/Application.php(175): Symfony\\Component\\Console\\Application->doRun(Object(Symfony\\Component\\Console\\Input\\ArgvInput), Object(Symfony\\Component\\Console\\Output\\ConsoleOutput))
#11 /home/sportsetloisi-pp/www/v2/sportsetloisirsv2/vendor/laravel/framework/src/Illuminate/Foundation/Console/Kernel.php(201): Symfony\\Component\\Console\\Application->run(Object(Symfony\\Component\\Console\\Input\\ArgvInput), Object(Symfony\\Component\\Console\\Output\\ConsoleOutput))
#12 /home/sportsetloisi-pp/www/v2/sportsetloisirsv2/artisan(37): Illuminate\\Foundation\\Console\\Kernel->handle(Object(Symfony\\Component\\Console\\Input\\ArgvInput), Object(Symfony\\Component\\Console\\Output\\ConsoleOutput))
#13 {main}
"} 
[2024-04-18 15:03:06] production.ERROR: node:internal/process/promises:289
            triggerUncaughtException(err, true /* fromPromise */);
            ^

ReferenceError: self is not defined
    at Object.<anonymous> (/home/sportsetloisi-pp/www/v2/sportsetloisirsv2/node_modules/preline/index.js:1:224)
    at Module._compile (node:internal/modules/cjs/loader:1233:14)
    at Module._extensions..js (node:internal/modules/cjs/loader:1287:10)
    at Module.load (node:internal/modules/cjs/loader:1091:32)
    at Module._load (node:internal/modules/cjs/loader:938:12)
    at ModuleWrap.<anonymous> (node:internal/modules/esm/translators:165:29)
    at ModuleJob.run (node:internal/modules/esm/module_job:192:25)
    at async DefaultModuleLoader.import (node:internal/modules/esm/loader:228:24)
    at async j (file:///home/sportsetloisi-pp/www/v2/sportsetloisirsv2/node_modules/@inertiajs/vue3/dist/index.esm.js:1:5861)
    at async Server.<anonymous> (file:///home/sportsetloisi-pp/www/v2/sportsetloisirsv2/node_modules/@inertiajs/core/dist/server.esm.js:1:527)

Node.js v20.5.1
 {"exception":"[object] (Inertia\\Ssr\\SsrException(code: 0): node:internal/process/promises:289
            triggerUncaughtException(err, true /* fromPromise */);
            ^

ReferenceError: self is not defined
    at Object.<anonymous> (/home/sportsetloisi-pp/www/v2/sportsetloisirsv2/node_modules/preline/index.js:1:224)
    at Module._compile (node:internal/modules/cjs/loader:1233:14)
    at Module._extensions..js (node:internal/modules/cjs/loader:1287:10)
    at Module.load (node:internal/modules/cjs/loader:1091:32)
    at Module._load (node:internal/modules/cjs/loader:938:12)
    at ModuleWrap.<anonymous> (node:internal/modules/esm/translators:165:29)
    at ModuleJob.run (node:internal/modules/esm/module_job:192:25)
    at async DefaultModuleLoader.import (node:internal/modules/esm/loader:228:24)
    at async j (file:///home/sportsetloisi-pp/www/v2/sportsetloisirsv2/node_modules/@inertiajs/vue3/dist/index.esm.js:1:5861)
    at async Server.<anonymous> (file:///home/sportsetloisi-pp/www/v2/sportsetloisirsv2/node_modules/@inertiajs/core/dist/server.esm.js:1:527)

Node.js v20.5.1
 at /home/sportsetloisi-pp/www/v2/sportsetloisirsv2/vendor/inertiajs/inertia-laravel/src/Commands/StartSsr.php:82)
[stacktrace]
#0 /home/sportsetloisi-pp/www/v2/sportsetloisirsv2/vendor/laravel/framework/src/Illuminate/Container/BoundMethod.php(36): Inertia\\Commands\\StartSsr->handle()
#1 /home/sportsetloisi-pp/www/v2/sportsetloisirsv2/vendor/laravel/framework/src/Illuminate/Container/Util.php(41): Illuminate\\Container\\BoundMethod::Illuminate\\Container\\{closure}()
#2 /home/sportsetloisi-pp/www/v2/sportsetloisirsv2/vendor/laravel/framework/src/Illuminate/Container/BoundMethod.php(93): Illuminate\\Container\\Util::unwrapIfClosure(Object(Closure))
#3 /home/sportsetloisi-pp/www/v2/sportsetloisirsv2/vendor/laravel/framework/src/Illuminate/Container/BoundMethod.php(37): Illuminate\\Container\\BoundMethod::callBoundMethod(Object(Illuminate\\Foundation\\Application), Array, Object(Closure))
#4 /home/sportsetloisi-pp/www/v2/sportsetloisirsv2/vendor/laravel/framework/src/Illuminate/Container/Container.php(662): Illuminate\\Container\\BoundMethod::call(Object(Illuminate\\Foundation\\Application), Array, Array, NULL)
#5 /home/sportsetloisi-pp/www/v2/sportsetloisirsv2/vendor/laravel/framework/src/Illuminate/Console/Command.php(211): Illuminate\\Container\\Container->call(Array)
#6 /home/sportsetloisi-pp/www/v2/sportsetloisirsv2/vendor/symfony/console/Command/Command.php(326): Illuminate\\Console\\Command->execute(Object(Symfony\\Component\\Console\\Input\\ArgvInput), Object(Illuminate\\Console\\OutputStyle))
#7 /home/sportsetloisi-pp/www/v2/sportsetloisirsv2/vendor/laravel/framework/src/Illuminate/Console/Command.php(181): Symfony\\Component\\Console\\Command\\Command->run(Object(Symfony\\Component\\Console\\Input\\ArgvInput), Object(Illuminate\\Console\\OutputStyle))
#8 /home/sportsetloisi-pp/www/v2/sportsetloisirsv2/vendor/symfony/console/Application.php(1096): Illuminate\\Console\\Command->run(Object(Symfony\\Component\\Console\\Input\\ArgvInput), Object(Symfony\\Component\\Console\\Output\\ConsoleOutput))
#9 /home/sportsetloisi-pp/www/v2/sportsetloisirsv2/vendor/symfony/console/Application.php(324): Symfony\\Component\\Console\\Application->doRunCommand(Object(Inertia\\Commands\\StartSsr), Object(Symfony\\Component\\Console\\Input\\ArgvInput), Object(Symfony\\Component\\Console\\Output\\ConsoleOutput))
#10 /home/sportsetloisi-pp/www/v2/sportsetloisirsv2/vendor/symfony/console/Application.php(175): Symfony\\Component\\Console\\Application->doRun(Object(Symfony\\Component\\Console\\Input\\ArgvInput), Object(Symfony\\Component\\Console\\Output\\ConsoleOutput))
#11 /home/sportsetloisi-pp/www/v2/sportsetloisirsv2/vendor/laravel/framework/src/Illuminate/Foundation/Console/Kernel.php(201): Symfony\\Component\\Console\\Application->run(Object(Symfony\\Component\\Console\\Input\\ArgvInput), Object(Symfony\\Component\\Console\\Output\\ConsoleOutput))
#12 /home/sportsetloisi-pp/www/v2/sportsetloisirsv2/artisan(37): Illuminate\\Foundation\\Console\\Kernel->handle(Object(Symfony\\Component\\Console\\Input\\ArgvInput), Object(Symfony\\Component\\Console\\Output\\ConsoleOutput))
#13 {main}
"} 
[2024-04-18 15:03:11] production.ERROR: Stripe API Error: No API key provided.  (HINT: set your API key using "Stripe::setApiKey(<API-KEY>)".  You can generate API keys from the Stripe web interface.  See https://stripe.com/api for details, or email support@stripe.com if you have any questions.  
[2024-04-18 15:03:14] production.ERROR: Stripe API Error: No API key provided.  (HINT: set your API key using "Stripe::setApiKey(<API-KEY>)".  You can generate API keys from the Stripe web interface.  See https://stripe.com/api for details, or email support@stripe.com if you have any questions.  
[2024-04-18 15:03:30] production.ERROR: Stripe API Error: No API key provided.  (HINT: set your API key using "Stripe::setApiKey(<API-KEY>)".  You can generate API keys from the Stripe web interface.  See https://stripe.com/api for details, or email support@stripe.com if you have any questions.  
[2024-04-18 15:03:34] production.ERROR: Stripe API Error: No API key provided.  (HINT: set your API key using "Stripe::setApiKey(<API-KEY>)".  You can generate API keys from the Stripe web interface.  See https://stripe.com/api for details, or email support@stripe.com if you have any questions.  
[2024-04-18 15:05:54] production.ERROR: Command "tail" is not defined. {"exception":"[object] (Symfony\\Component\\Console\\Exception\\CommandNotFoundException(code: 0): Command \"tail\" is not defined. at /home/sportsetloisi-pp/www/v2/sportsetloisirsv2/vendor/symfony/console/Application.php:737)
[stacktrace]
#0 /home/sportsetloisi-pp/www/v2/sportsetloisirsv2/vendor/symfony/console/Application.php(266): Symfony\\Component\\Console\\Application->find('tail')
#1 /home/sportsetloisi-pp/www/v2/sportsetloisirsv2/vendor/symfony/console/Application.php(175): Symfony\\Component\\Console\\Application->doRun(Object(Symfony\\Component\\Console\\Input\\ArgvInput), Object(Symfony\\Component\\Console\\Output\\ConsoleOutput))
#2 /home/sportsetloisi-pp/www/v2/sportsetloisirsv2/vendor/laravel/framework/src/Illuminate/Foundation/Console/Kernel.php(201): Symfony\\Component\\Console\\Application->run(Object(Symfony\\Component\\Console\\Input\\ArgvInput), Object(Symfony\\Component\\Console\\Output\\ConsoleOutput))
#3 /home/sportsetloisi-pp/www/v2/sportsetloisirsv2/artisan(37): Illuminate\\Foundation\\Console\\Kernel->handle(Object(Symfony\\Component\\Console\\Input\\ArgvInput), Object(Symfony\\Component\\Console\\Output\\ConsoleOutput))
#4 {main}
"} 
